Determining if the pthread_create exist failed with the following output:
Change Dir: /home/natalie/Documents/Repos/UniversityClasses/CIS441/Proj2A/Build/VTK-6.3.0/CMakeFiles/CMakeTmp

Run Build Command:"/usr/bin/make" "cmTC_408a3/fast"
/usr/bin/make -f CMakeFiles/cmTC_408a3.dir/build.make CMakeFiles/cmTC_408a3.dir/build
make[1]: Entering directory '/home/natalie/Documents/Repos/UniversityClasses/CIS441/Proj2A/Build/VTK-6.3.0/CMakeFiles/CMakeTmp'
Building C object CMakeFiles/cmTC_408a3.dir/CheckSymbolExists.c.o
/usr/bin/gcc-5    -o CMakeFiles/cmTC_408a3.dir/CheckSymbolExists.c.o   -c /home/natalie/Documents/Repos/UniversityClasses/CIS441/Proj2A/Build/VTK-6.3.0/CMakeFiles/CMakeTmp/CheckSymbolExists.c
Linking C executable cmTC_408a3
/usr/bin/cmake -E cmake_link_script CMakeFiles/cmTC_408a3.dir/link.txt --verbose=1
/usr/bin/gcc-5       -rdynamic CMakeFiles/cmTC_408a3.dir/CheckSymbolExists.c.o  -o cmTC_408a3 
/usr/bin/ld: CMakeFiles/cmTC_408a3.dir/CheckSymbolExists.c.o: in function `main':
CheckSymbolExists.c:(.text+0x16): undefined reference to `pthread_create'
collect2: error: ld returned 1 exit status
make[1]: *** [CMakeFiles/cmTC_408a3.dir/build.make:87: cmTC_408a3] Error 1
make[1]: Leaving directory '/home/natalie/Documents/Repos/UniversityClasses/CIS441/Proj2A/Build/VTK-6.3.0/CMakeFiles/CMakeTmp'
make: *** [Makefile:121: cmTC_408a3/fast] Error 2

File /home/natalie/Documents/Repos/UniversityClasses/CIS441/Proj2A/Build/VTK-6.3.0/CMakeFiles/CMakeTmp/CheckSymbolExists.c:
/* */
#include <pthread.h>

int main(int argc, char** argv)
{
  (void)argv;
#ifndef pthread_create
  return ((int*)(&pthread_create))[argc];
#else
  (void)argc;
  return 0;
#endif
}

Determining if the function pthread_create exists in the pthreads failed with the following output:
Change Dir: /home/natalie/Documents/Repos/UniversityClasses/CIS441/Proj2A/Build/VTK-6.3.0/CMakeFiles/CMakeTmp

Run Build Command:"/usr/bin/make" "cmTC_455dd/fast"
/usr/bin/make -f CMakeFiles/cmTC_455dd.dir/build.make CMakeFiles/cmTC_455dd.dir/build
make[1]: Entering directory '/home/natalie/Documents/Repos/UniversityClasses/CIS441/Proj2A/Build/VTK-6.3.0/CMakeFiles/CMakeTmp'
Building C object CMakeFiles/cmTC_455dd.dir/CheckFunctionExists.c.o
/usr/bin/gcc-5   -DCHECK_FUNCTION_EXISTS=pthread_create   -o CMakeFiles/cmTC_455dd.dir/CheckFunctionExists.c.o   -c /usr/share/cmake-3.13/Modules/CheckFunctionExists.c
Linking C executable cmTC_455dd
/usr/bin/cmake -E cmake_link_script CMakeFiles/cmTC_455dd.dir/link.txt --verbose=1
/usr/bin/gcc-5   -DCHECK_FUNCTION_EXISTS=pthread_create    -rdynamic CMakeFiles/cmTC_455dd.dir/CheckFunctionExists.c.o  -o cmTC_455dd -lpthreads 
/usr/bin/ld: cannot find -lpthreads
collect2: error: ld returned 1 exit status
make[1]: *** [CMakeFiles/cmTC_455dd.dir/build.make:87: cmTC_455dd] Error 1
make[1]: Leaving directory '/home/natalie/Documents/Repos/UniversityClasses/CIS441/Proj2A/Build/VTK-6.3.0/CMakeFiles/CMakeTmp'
make: *** [Makefile:121: cmTC_455dd/fast] Error 2


Determining size of __int64 failed with the following output:
Change Dir: /home/natalie/Documents/Repos/UniversityClasses/CIS441/Proj2A/Build/VTK-6.3.0/CMakeFiles/CMakeTmp

Run Build Command:"/usr/bin/make" "cmTC_69ead/fast"
/usr/bin/make -f CMakeFiles/cmTC_69ead.dir/build.make CMakeFiles/cmTC_69ead.dir/build
make[1]: Entering directory '/home/natalie/Documents/Repos/UniversityClasses/CIS441/Proj2A/Build/VTK-6.3.0/CMakeFiles/CMakeTmp'
Building C object CMakeFiles/cmTC_69ead.dir/VTK_SIZEOF___INT64.c.o
/usr/bin/gcc-5    -o CMakeFiles/cmTC_69ead.dir/VTK_SIZEOF___INT64.c.o   -c /home/natalie/Documents/Repos/UniversityClasses/CIS441/Proj2A/Build/VTK-6.3.0/CMakeFiles/CheckTypeSize/VTK_SIZEOF___INT64.c
/home/natalie/Documents/Repos/UniversityClasses/CIS441/Proj2A/Build/VTK-6.3.0/CMakeFiles/CheckTypeSize/VTK_SIZEOF___INT64.c:23:22: error: '__int64' undeclared here (not in a function)
 #define SIZE (sizeof(__int64))
                      ^
/home/natalie/Documents/Repos/UniversityClasses/CIS441/Proj2A/Build/VTK-6.3.0/CMakeFiles/CheckTypeSize/VTK_SIZEOF___INT64.c:25:12: note: in expansion of macro 'SIZE'
   ('0' + ((SIZE / 10000)%10)),
            ^
make[1]: *** [CMakeFiles/cmTC_69ead.dir/build.make:66: CMakeFiles/cmTC_69ead.dir/VTK_SIZEOF___INT64.c.o] Error 1
make[1]: Leaving directory '/home/natalie/Documents/Repos/UniversityClasses/CIS441/Proj2A/Build/VTK-6.3.0/CMakeFiles/CMakeTmp'
make: *** [Makefile:121: cmTC_69ead/fast] Error 2

/home/natalie/Documents/Repos/UniversityClasses/CIS441/Proj2A/Build/VTK-6.3.0/CMakeFiles/CheckTypeSize/VTK_SIZEOF___INT64.c:
#include <sys/types.h>
#include <stdint.h>
#include <stddef.h>


#undef KEY
#if defined(__i386)
# define KEY '_','_','i','3','8','6'
#elif defined(__x86_64)
# define KEY '_','_','x','8','6','_','6','4'
#elif defined(__ppc__)
# define KEY '_','_','p','p','c','_','_'
#elif defined(__ppc64__)
# define KEY '_','_','p','p','c','6','4','_','_'
#elif defined(__aarch64__)
# define KEY '_','_','a','a','r','c','h','6','4','_','_'
#elif defined(__ARM_ARCH_7A__)
# define KEY '_','_','A','R','M','_','A','R','C','H','_','7','A','_','_'
#elif defined(__ARM_ARCH_7S__)
# define KEY '_','_','A','R','M','_','A','R','C','H','_','7','S','_','_'
#endif

#define SIZE (sizeof(__int64))
char info_size[] =  {'I', 'N', 'F', 'O', ':', 's','i','z','e','[',
  ('0' + ((SIZE / 10000)%10)),
  ('0' + ((SIZE / 1000)%10)),
  ('0' + ((SIZE / 100)%10)),
  ('0' + ((SIZE / 10)%10)),
  ('0' +  (SIZE    % 10)),
  ']',
#ifdef KEY
  ' ','k','e','y','[', KEY, ']',
#endif
  '\0'};

#ifdef __CLASSIC_C__
int main(argc, argv) int argc; char *argv[];
#else
int main(int argc, char *argv[])
#endif
{
  int require = 0;
  require += info_size[argc];
  (void)argv;
  return require;
}


Determining if the function getsockname exists in the socket failed with the following output:
Change Dir: /home/natalie/Documents/Repos/UniversityClasses/CIS441/Proj2A/Build/VTK-6.3.0/CMakeFiles/CMakeTmp

Run Build Command:"/usr/bin/make" "cmTC_81625/fast"
/usr/bin/make -f CMakeFiles/cmTC_81625.dir/build.make CMakeFiles/cmTC_81625.dir/build
make[1]: Entering directory '/home/natalie/Documents/Repos/UniversityClasses/CIS441/Proj2A/Build/VTK-6.3.0/CMakeFiles/CMakeTmp'
Building C object CMakeFiles/cmTC_81625.dir/CheckFunctionExists.c.o
/usr/bin/gcc-5   -DCHECK_FUNCTION_EXISTS=getsockname   -o CMakeFiles/cmTC_81625.dir/CheckFunctionExists.c.o   -c /usr/share/cmake-3.13/Modules/CheckFunctionExists.c
Linking C executable cmTC_81625
/usr/bin/cmake -E cmake_link_script CMakeFiles/cmTC_81625.dir/link.txt --verbose=1
/usr/bin/gcc-5   -DCHECK_FUNCTION_EXISTS=getsockname    -rdynamic CMakeFiles/cmTC_81625.dir/CheckFunctionExists.c.o  -o cmTC_81625 -lsocket 
/usr/bin/ld: cannot find -lsocket
collect2: error: ld returned 1 exit status
make[1]: *** [CMakeFiles/cmTC_81625.dir/build.make:87: cmTC_81625] Error 1
make[1]: Leaving directory '/home/natalie/Documents/Repos/UniversityClasses/CIS441/Proj2A/Build/VTK-6.3.0/CMakeFiles/CMakeTmp'
make: *** [Makefile:121: cmTC_81625/fast] Error 2


Checking for non-standard argument to stl allocator<>::max_size failed to compile with the following output:
Change Dir: /home/natalie/Documents/Repos/UniversityClasses/CIS441/Proj2A/Build/VTK-6.3.0/Utilities/KWSys/vtksys/CMakeFiles/CMakeTmp

Run Build Command:"/usr/bin/make" "cmTC_1dee1/fast"
/usr/bin/make -f CMakeFiles/cmTC_1dee1.dir/build.make CMakeFiles/cmTC_1dee1.dir/build
make[1]: Entering directory '/home/natalie/Documents/Repos/UniversityClasses/CIS441/Proj2A/Build/VTK-6.3.0/Utilities/KWSys/vtksys/CMakeFiles/CMakeTmp'
Building CXX object CMakeFiles/cmTC_1dee1.dir/kwsysPlatformTestsCXX.cxx.o
/usr/bin/g++-5  -DKWSYS_STL_HAVE_STD=1 -DTEST_KWSYS_STL_HAS_ALLOCATOR_MAX_SIZE_ARGUMENT   -o CMakeFiles/cmTC_1dee1.dir/kwsysPlatformTestsCXX.cxx.o -c /home/natalie/Documents/Repos/UniversityClasses/CIS441/Proj2A/Build/VTK-6.3.0/Utilities/KWSys/vtksys/kwsysPlatformTestsCXX.cxx
/home/natalie/Documents/Repos/UniversityClasses/CIS441/Proj2A/Build/VTK-6.3.0/Utilities/KWSys/vtksys/kwsysPlatformTestsCXX.cxx: In function 'void f(const std::allocator<char>&)':
/home/natalie/Documents/Repos/UniversityClasses/CIS441/Proj2A/Build/VTK-6.3.0/Utilities/KWSys/vtksys/kwsysPlatformTestsCXX.cxx:256:25: error: no matching function for call to 'std::allocator<char>::max_size(long unsigned int) const'
   a.max_size(sizeof(int));
                         ^
In file included from /usr/lib/gcc/x86_64-pc-linux-gnu/5.5.0/include/c++/x86_64-pc-linux-gnu/bits/c++allocator.h:33:0,
                 from /usr/lib/gcc/x86_64-pc-linux-gnu/5.5.0/include/c++/bits/allocator.h:46,
                 from /usr/lib/gcc/x86_64-pc-linux-gnu/5.5.0/include/c++/memory:63,
                 from /home/natalie/Documents/Repos/UniversityClasses/CIS441/Proj2A/Build/VTK-6.3.0/Utilities/KWSys/vtksys/kwsysPlatformTestsCXX.cxx:253:
/usr/lib/gcc/x86_64-pc-linux-gnu/5.5.0/include/c++/ext/new_allocator.h:113:7: note: candidate: __gnu_cxx::new_allocator<_Tp>::size_type __gnu_cxx::new_allocator<_Tp>::max_size() const [with _Tp = char; __gnu_cxx::new_allocator<_Tp>::size_type = long unsigned int]
       max_size() const _GLIBCXX_USE_NOEXCEPT
       ^
/usr/lib/gcc/x86_64-pc-linux-gnu/5.5.0/include/c++/ext/new_allocator.h:113:7: note:   candidate expects 0 arguments, 1 provided
make[1]: *** [CMakeFiles/cmTC_1dee1.dir/build.make:66: CMakeFiles/cmTC_1dee1.dir/kwsysPlatformTestsCXX.cxx.o] Error 1
make[1]: Leaving directory '/home/natalie/Documents/Repos/UniversityClasses/CIS441/Proj2A/Build/VTK-6.3.0/Utilities/KWSys/vtksys/CMakeFiles/CMakeTmp'
make: *** [Makefile:121: cmTC_1dee1/fast] Error 2


Checking whether "<>" is needed for template friends failed to compile with the following output:
Change Dir: /home/natalie/Documents/Repos/UniversityClasses/CIS441/Proj2A/Build/VTK-6.3.0/Utilities/KWSys/vtksys/CMakeFiles/CMakeTmp

Run Build Command:"/usr/bin/make" "cmTC_a383e/fast"
/usr/bin/make -f CMakeFiles/cmTC_a383e.dir/build.make CMakeFiles/cmTC_a383e.dir/build
make[1]: Entering directory '/home/natalie/Documents/Repos/UniversityClasses/CIS441/Proj2A/Build/VTK-6.3.0/Utilities/KWSys/vtksys/CMakeFiles/CMakeTmp'
Building CXX object CMakeFiles/cmTC_a383e.dir/kwsysPlatformTestsCXX.cxx.o
/usr/bin/g++-5  -DTEST_KWSYS_CXX_HAS_NULL_TEMPLATE_ARGS   -o CMakeFiles/cmTC_a383e.dir/kwsysPlatformTestsCXX.cxx.o -c /home/natalie/Documents/Repos/UniversityClasses/CIS441/Proj2A/Build/VTK-6.3.0/Utilities/KWSys/vtksys/kwsysPlatformTestsCXX.cxx
/home/natalie/Documents/Repos/UniversityClasses/CIS441/Proj2A/Build/VTK-6.3.0/Utilities/KWSys/vtksys/kwsysPlatformTestsCXX.cxx:141:21: warning: friend declaration 'int f(A<T>&)' declares a non-template function [-Wnon-template-friend]
   friend int f(A<T>&);
                     ^
/home/natalie/Documents/Repos/UniversityClasses/CIS441/Proj2A/Build/VTK-6.3.0/Utilities/KWSys/vtksys/kwsysPlatformTestsCXX.cxx:141:21: note: (if this is not what you intended, make sure the function template has already been declared and add <> after the function name here) 
/home/natalie/Documents/Repos/UniversityClasses/CIS441/Proj2A/Build/VTK-6.3.0/Utilities/KWSys/vtksys/kwsysPlatformTestsCXX.cxx: In instantiation of 'int f(A<T>&) [with T = int]':
/home/natalie/Documents/Repos/UniversityClasses/CIS441/Proj2A/Build/VTK-6.3.0/Utilities/KWSys/vtksys/kwsysPlatformTestsCXX.cxx:147:23:   required from here
/home/natalie/Documents/Repos/UniversityClasses/CIS441/Proj2A/Build/VTK-6.3.0/Utilities/KWSys/vtksys/kwsysPlatformTestsCXX.cxx:143:7: error: 'int A<int>::x' is private
   int x;
       ^
/home/natalie/Documents/Repos/UniversityClasses/CIS441/Proj2A/Build/VTK-6.3.0/Utilities/KWSys/vtksys/kwsysPlatformTestsCXX.cxx:146:48: error: within this context
 template <class T> int f(A<T>& a) { return a.x = 0; }
                                                ^
make[1]: *** [CMakeFiles/cmTC_a383e.dir/build.make:66: CMakeFiles/cmTC_a383e.dir/kwsysPlatformTestsCXX.cxx.o] Error 1
make[1]: Leaving directory '/home/natalie/Documents/Repos/UniversityClasses/CIS441/Proj2A/Build/VTK-6.3.0/Utilities/KWSys/vtksys/CMakeFiles/CMakeTmp'
make: *** [Makefile:121: cmTC_a383e/fast] Error 2


Checking whether C++ compiler has '__int64' failed to compile with the following output:
Change Dir: /home/natalie/Documents/Repos/UniversityClasses/CIS441/Proj2A/Build/VTK-6.3.0/Utilities/KWSys/vtksys/CMakeFiles/CMakeTmp

Run Build Command:"/usr/bin/make" "cmTC_f52d8/fast"
/usr/bin/make -f CMakeFiles/cmTC_f52d8.dir/build.make CMakeFiles/cmTC_f52d8.dir/build
make[1]: Entering directory '/home/natalie/Documents/Repos/UniversityClasses/CIS441/Proj2A/Build/VTK-6.3.0/Utilities/KWSys/vtksys/CMakeFiles/CMakeTmp'
Building CXX object CMakeFiles/cmTC_f52d8.dir/kwsysPlatformTestsCXX.cxx.o
/usr/bin/g++-5  -DTEST_KWSYS_CXX_HAS___INT64   -o CMakeFiles/cmTC_f52d8.dir/kwsysPlatformTestsCXX.cxx.o -c /home/natalie/Documents/Repos/UniversityClasses/CIS441/Proj2A/Build/VTK-6.3.0/Utilities/KWSys/vtksys/kwsysPlatformTestsCXX.cxx
/home/natalie/Documents/Repos/UniversityClasses/CIS441/Proj2A/Build/VTK-6.3.0/Utilities/KWSys/vtksys/kwsysPlatformTestsCXX.cxx:126:1: error: '__int64' does not name a type
 __int64 f(__int64 n) { return n; }
 ^
/home/natalie/Documents/Repos/UniversityClasses/CIS441/Proj2A/Build/VTK-6.3.0/Utilities/KWSys/vtksys/kwsysPlatformTestsCXX.cxx: In function 'int main()':
/home/natalie/Documents/Repos/UniversityClasses/CIS441/Proj2A/Build/VTK-6.3.0/Utilities/KWSys/vtksys/kwsysPlatformTestsCXX.cxx:129:3: error: '__int64' was not declared in this scope
   __int64 n = 0;
   ^
/home/natalie/Documents/Repos/UniversityClasses/CIS441/Proj2A/Build/VTK-6.3.0/Utilities/KWSys/vtksys/kwsysPlatformTestsCXX.cxx:130:29: error: 'n' was not declared in this scope
   return static_cast<int>(f(n));
                             ^
/home/natalie/Documents/Repos/UniversityClasses/CIS441/Proj2A/Build/VTK-6.3.0/Utilities/KWSys/vtksys/kwsysPlatformTestsCXX.cxx:130:30: error: 'f' was not declared in this scope
   return static_cast<int>(f(n));
                              ^
make[1]: *** [CMakeFiles/cmTC_f52d8.dir/build.make:66: CMakeFiles/cmTC_f52d8.dir/kwsysPlatformTestsCXX.cxx.o] Error 1
make[1]: Leaving directory '/home/natalie/Documents/Repos/UniversityClasses/CIS441/Proj2A/Build/VTK-6.3.0/Utilities/KWSys/vtksys/CMakeFiles/CMakeTmp'
make: *** [Makefile:121: cmTC_f52d8/fast] Error 2


Determining size of __int64 failed with the following output:
Change Dir: /home/natalie/Documents/Repos/UniversityClasses/CIS441/Proj2A/Build/VTK-6.3.0/CMakeFiles/CMakeTmp

Run Build Command:"/usr/bin/make" "cmTC_8b8d8/fast"
/usr/bin/make -f CMakeFiles/cmTC_8b8d8.dir/build.make CMakeFiles/cmTC_8b8d8.dir/build
make[1]: Entering directory '/home/natalie/Documents/Repos/UniversityClasses/CIS441/Proj2A/Build/VTK-6.3.0/CMakeFiles/CMakeTmp'
Building C object CMakeFiles/cmTC_8b8d8.dir/KWSYS_SIZEOF___INT64.c.o
/usr/bin/gcc-5    -o CMakeFiles/cmTC_8b8d8.dir/KWSYS_SIZEOF___INT64.c.o   -c /home/natalie/Documents/Repos/UniversityClasses/CIS441/Proj2A/Build/VTK-6.3.0/CMakeFiles/CheckTypeSize/KWSYS_SIZEOF___INT64.c
/home/natalie/Documents/Repos/UniversityClasses/CIS441/Proj2A/Build/VTK-6.3.0/CMakeFiles/CheckTypeSize/KWSYS_SIZEOF___INT64.c:23:22: error: '__int64' undeclared here (not in a function)
 #define SIZE (sizeof(__int64))
                      ^
/home/natalie/Documents/Repos/UniversityClasses/CIS441/Proj2A/Build/VTK-6.3.0/CMakeFiles/CheckTypeSize/KWSYS_SIZEOF___INT64.c:25:12: note: in expansion of macro 'SIZE'
   ('0' + ((SIZE / 10000)%10)),
            ^
make[1]: *** [CMakeFiles/cmTC_8b8d8.dir/build.make:66: CMakeFiles/cmTC_8b8d8.dir/KWSYS_SIZEOF___INT64.c.o] Error 1
make[1]: Leaving directory '/home/natalie/Documents/Repos/UniversityClasses/CIS441/Proj2A/Build/VTK-6.3.0/CMakeFiles/CMakeTmp'
make: *** [Makefile:121: cmTC_8b8d8/fast] Error 2

/home/natalie/Documents/Repos/UniversityClasses/CIS441/Proj2A/Build/VTK-6.3.0/CMakeFiles/CheckTypeSize/KWSYS_SIZEOF___INT64.c:
#include <sys/types.h>
#include <stdint.h>
#include <stddef.h>


#undef KEY
#if defined(__i386)
# define KEY '_','_','i','3','8','6'
#elif defined(__x86_64)
# define KEY '_','_','x','8','6','_','6','4'
#elif defined(__ppc__)
# define KEY '_','_','p','p','c','_','_'
#elif defined(__ppc64__)
# define KEY '_','_','p','p','c','6','4','_','_'
#elif defined(__aarch64__)
# define KEY '_','_','a','a','r','c','h','6','4','_','_'
#elif defined(__ARM_ARCH_7A__)
# define KEY '_','_','A','R','M','_','A','R','C','H','_','7','A','_','_'
#elif defined(__ARM_ARCH_7S__)
# define KEY '_','_','A','R','M','_','A','R','C','H','_','7','S','_','_'
#endif

#define SIZE (sizeof(__int64))
char info_size[] =  {'I', 'N', 'F', 'O', ':', 's','i','z','e','[',
  ('0' + ((SIZE / 10000)%10)),
  ('0' + ((SIZE / 1000)%10)),
  ('0' + ((SIZE / 100)%10)),
  ('0' + ((SIZE / 10)%10)),
  ('0' +  (SIZE    % 10)),
  ']',
#ifdef KEY
  ' ','k','e','y','[', KEY, ']',
#endif
  '\0'};

#ifdef __CLASSIC_C__
int main(argc, argv) int argc; char *argv[];
#else
int main(int argc, char *argv[])
#endif
{
  int require = 0;
  require += info_size[argc];
  (void)argv;
  return require;
}


Checking whether CXX compiler has environ in stdlib.h failed to compile with the following output:
Change Dir: /home/natalie/Documents/Repos/UniversityClasses/CIS441/Proj2A/Build/VTK-6.3.0/Utilities/KWSys/vtksys/CMakeFiles/CMakeTmp

Run Build Command:"/usr/bin/make" "cmTC_3f293/fast"
/usr/bin/make -f CMakeFiles/cmTC_3f293.dir/build.make CMakeFiles/cmTC_3f293.dir/build
make[1]: Entering directory '/home/natalie/Documents/Repos/UniversityClasses/CIS441/Proj2A/Build/VTK-6.3.0/Utilities/KWSys/vtksys/CMakeFiles/CMakeTmp'
Building CXX object CMakeFiles/cmTC_3f293.dir/kwsysPlatformTestsCXX.cxx.o
/usr/bin/g++-5  -DTEST_KWSYS_CXX_HAS_ENVIRON_IN_STDLIB_H   -o CMakeFiles/cmTC_3f293.dir/kwsysPlatformTestsCXX.cxx.o -c /home/natalie/Documents/Repos/UniversityClasses/CIS441/Proj2A/Build/VTK-6.3.0/Utilities/KWSys/vtksys/kwsysPlatformTestsCXX.cxx
/home/natalie/Documents/Repos/UniversityClasses/CIS441/Proj2A/Build/VTK-6.3.0/Utilities/KWSys/vtksys/kwsysPlatformTestsCXX.cxx: In function 'int main()':
/home/natalie/Documents/Repos/UniversityClasses/CIS441/Proj2A/Build/VTK-6.3.0/Utilities/KWSys/vtksys/kwsysPlatformTestsCXX.cxx:450:13: error: 'environ' was not declared in this scope
   char* e = environ[0];
             ^
make[1]: *** [CMakeFiles/cmTC_3f293.dir/build.make:66: CMakeFiles/cmTC_3f293.dir/kwsysPlatformTestsCXX.cxx.o] Error 1
make[1]: Leaving directory '/home/natalie/Documents/Repos/UniversityClasses/CIS441/Proj2A/Build/VTK-6.3.0/Utilities/KWSys/vtksys/CMakeFiles/CMakeTmp'
make: *** [Makefile:121: cmTC_3f293/fast] Error 2


Checking whether CXX compiler has _atoi64 failed to compile with the following output:
Change Dir: /home/natalie/Documents/Repos/UniversityClasses/CIS441/Proj2A/Build/VTK-6.3.0/Utilities/KWSys/vtksys/CMakeFiles/CMakeTmp

Run Build Command:"/usr/bin/make" "cmTC_abbde/fast"
/usr/bin/make -f CMakeFiles/cmTC_abbde.dir/build.make CMakeFiles/cmTC_abbde.dir/build
make[1]: Entering directory '/home/natalie/Documents/Repos/UniversityClasses/CIS441/Proj2A/Build/VTK-6.3.0/Utilities/KWSys/vtksys/CMakeFiles/CMakeTmp'
Building CXX object CMakeFiles/cmTC_abbde.dir/kwsysPlatformTestsCXX.cxx.o
/usr/bin/g++-5  -DTEST_KWSYS_CXX_HAS__ATOI64   -o CMakeFiles/cmTC_abbde.dir/kwsysPlatformTestsCXX.cxx.o -c /home/natalie/Documents/Repos/UniversityClasses/CIS441/Proj2A/Build/VTK-6.3.0/Utilities/KWSys/vtksys/kwsysPlatformTestsCXX.cxx
/home/natalie/Documents/Repos/UniversityClasses/CIS441/Proj2A/Build/VTK-6.3.0/Utilities/KWSys/vtksys/kwsysPlatformTestsCXX.cxx: In function 'int main()':
/home/natalie/Documents/Repos/UniversityClasses/CIS441/Proj2A/Build/VTK-6.3.0/Utilities/KWSys/vtksys/kwsysPlatformTestsCXX.cxx:493:38: error: '_atoi64' was not declared in this scope
   return static_cast<int>(_atoi64(str));
                                      ^
make[1]: *** [CMakeFiles/cmTC_abbde.dir/build.make:66: CMakeFiles/cmTC_abbde.dir/kwsysPlatformTestsCXX.cxx.o] Error 1
make[1]: Leaving directory '/home/natalie/Documents/Repos/UniversityClasses/CIS441/Proj2A/Build/VTK-6.3.0/Utilities/KWSys/vtksys/CMakeFiles/CMakeTmp'
make: *** [Makefile:121: cmTC_abbde/fast] Error 2


Determining if files windows.h exist failed with the following output:
Change Dir: /home/natalie/Documents/Repos/UniversityClasses/CIS441/Proj2A/Build/VTK-6.3.0/CMakeFiles/CMakeTmp

Run Build Command:"/usr/bin/make" "cmTC_284dc/fast"
/usr/bin/make -f CMakeFiles/cmTC_284dc.dir/build.make CMakeFiles/cmTC_284dc.dir/build
make[1]: Entering directory '/home/natalie/Documents/Repos/UniversityClasses/CIS441/Proj2A/Build/VTK-6.3.0/CMakeFiles/CMakeTmp'
Building C object CMakeFiles/cmTC_284dc.dir/HAVE_WINDOWS_H.c.o
/usr/bin/gcc-5   -w -w    -o CMakeFiles/cmTC_284dc.dir/HAVE_WINDOWS_H.c.o   -c /home/natalie/Documents/Repos/UniversityClasses/CIS441/Proj2A/Build/VTK-6.3.0/CMakeFiles/CheckIncludeFiles/HAVE_WINDOWS_H.c
/home/natalie/Documents/Repos/UniversityClasses/CIS441/Proj2A/Build/VTK-6.3.0/CMakeFiles/CheckIncludeFiles/HAVE_WINDOWS_H.c:2:21: fatal error: windows.h: No such file or directory
compilation terminated.
make[1]: *** [CMakeFiles/cmTC_284dc.dir/build.make:66: CMakeFiles/cmTC_284dc.dir/HAVE_WINDOWS_H.c.o] Error 1
make[1]: Leaving directory '/home/natalie/Documents/Repos/UniversityClasses/CIS441/Proj2A/Build/VTK-6.3.0/CMakeFiles/CMakeTmp'
make: *** [Makefile:121: cmTC_284dc/fast] Error 2

Source:
/* */
#include <windows.h>


int main(void){return 0;}

Determining if files ieeefp.h exist failed with the following output:
Change Dir: /home/natalie/Documents/Repos/UniversityClasses/CIS441/Proj2A/Build/VTK-6.3.0/CMakeFiles/CMakeTmp

Run Build Command:"/usr/bin/make" "cmTC_de964/fast"
/usr/bin/make -f CMakeFiles/cmTC_de964.dir/build.make CMakeFiles/cmTC_de964.dir/build
make[1]: Entering directory '/home/natalie/Documents/Repos/UniversityClasses/CIS441/Proj2A/Build/VTK-6.3.0/CMakeFiles/CMakeTmp'
Building C object CMakeFiles/cmTC_de964.dir/HAVE_IEEEFP_H.c.o
/usr/bin/gcc-5   -w -w    -o CMakeFiles/cmTC_de964.dir/HAVE_IEEEFP_H.c.o   -c /home/natalie/Documents/Repos/UniversityClasses/CIS441/Proj2A/Build/VTK-6.3.0/CMakeFiles/CheckIncludeFiles/HAVE_IEEEFP_H.c
/home/natalie/Documents/Repos/UniversityClasses/CIS441/Proj2A/Build/VTK-6.3.0/CMakeFiles/CheckIncludeFiles/HAVE_IEEEFP_H.c:2:20: fatal error: ieeefp.h: No such file or directory
compilation terminated.
make[1]: *** [CMakeFiles/cmTC_de964.dir/build.make:66: CMakeFiles/cmTC_de964.dir/HAVE_IEEEFP_H.c.o] Error 1
make[1]: Leaving directory '/home/natalie/Documents/Repos/UniversityClasses/CIS441/Proj2A/Build/VTK-6.3.0/CMakeFiles/CMakeTmp'
make: *** [Makefile:121: cmTC_de964/fast] Error 2

Source:
/* */
#include <ieeefp.h>


int main(void){return 0;}

Determining if the function floor exists failed with the following output:
Change Dir: /home/natalie/Documents/Repos/UniversityClasses/CIS441/Proj2A/Build/VTK-6.3.0/CMakeFiles/CMakeTmp

Run Build Command:"/usr/bin/make" "cmTC_b7814/fast"
/usr/bin/make -f CMakeFiles/cmTC_b7814.dir/build.make CMakeFiles/cmTC_b7814.dir/build
make[1]: Entering directory '/home/natalie/Documents/Repos/UniversityClasses/CIS441/Proj2A/Build/VTK-6.3.0/CMakeFiles/CMakeTmp'
Building C object CMakeFiles/cmTC_b7814.dir/CheckFunctionExists.c.o
/usr/bin/gcc-5   -w -w -DCHECK_FUNCTION_EXISTS=floor   -o CMakeFiles/cmTC_b7814.dir/CheckFunctionExists.c.o   -c /usr/share/cmake-3.13/Modules/CheckFunctionExists.c
Linking C executable cmTC_b7814
/usr/bin/cmake -E cmake_link_script CMakeFiles/cmTC_b7814.dir/link.txt --verbose=1
/usr/bin/gcc-5   -w -w -DCHECK_FUNCTION_EXISTS=floor    -rdynamic CMakeFiles/cmTC_b7814.dir/CheckFunctionExists.c.o  -o cmTC_b7814 
/usr/bin/ld: CMakeFiles/cmTC_b7814.dir/CheckFunctionExists.c.o: in function `main':
CheckFunctionExists.c:(.text+0x10): undefined reference to `floor'
collect2: error: ld returned 1 exit status
make[1]: *** [CMakeFiles/cmTC_b7814.dir/build.make:87: cmTC_b7814] Error 1
make[1]: Leaving directory '/home/natalie/Documents/Repos/UniversityClasses/CIS441/Proj2A/Build/VTK-6.3.0/CMakeFiles/CMakeTmp'
make: *** [Makefile:121: cmTC_b7814/fast] Error 2


Determining if the function pow exists failed with the following output:
Change Dir: /home/natalie/Documents/Repos/UniversityClasses/CIS441/Proj2A/Build/VTK-6.3.0/CMakeFiles/CMakeTmp

Run Build Command:"/usr/bin/make" "cmTC_a5cfb/fast"
/usr/bin/make -f CMakeFiles/cmTC_a5cfb.dir/build.make CMakeFiles/cmTC_a5cfb.dir/build
make[1]: Entering directory '/home/natalie/Documents/Repos/UniversityClasses/CIS441/Proj2A/Build/VTK-6.3.0/CMakeFiles/CMakeTmp'
Building C object CMakeFiles/cmTC_a5cfb.dir/CheckFunctionExists.c.o
/usr/bin/gcc-5   -w -w -DCHECK_FUNCTION_EXISTS=pow   -o CMakeFiles/cmTC_a5cfb.dir/CheckFunctionExists.c.o   -c /usr/share/cmake-3.13/Modules/CheckFunctionExists.c
Linking C executable cmTC_a5cfb
/usr/bin/cmake -E cmake_link_script CMakeFiles/cmTC_a5cfb.dir/link.txt --verbose=1
/usr/bin/gcc-5   -w -w -DCHECK_FUNCTION_EXISTS=pow    -rdynamic CMakeFiles/cmTC_a5cfb.dir/CheckFunctionExists.c.o  -o cmTC_a5cfb 
/usr/bin/ld: CMakeFiles/cmTC_a5cfb.dir/CheckFunctionExists.c.o: in function `main':
CheckFunctionExists.c:(.text+0x10): undefined reference to `pow'
collect2: error: ld returned 1 exit status
make[1]: *** [CMakeFiles/cmTC_a5cfb.dir/build.make:87: cmTC_a5cfb] Error 1
make[1]: Leaving directory '/home/natalie/Documents/Repos/UniversityClasses/CIS441/Proj2A/Build/VTK-6.3.0/CMakeFiles/CMakeTmp'
make: *** [Makefile:121: cmTC_a5cfb/fast] Error 2


Determining if the function sqrt exists failed with the following output:
Change Dir: /home/natalie/Documents/Repos/UniversityClasses/CIS441/Proj2A/Build/VTK-6.3.0/CMakeFiles/CMakeTmp

Run Build Command:"/usr/bin/make" "cmTC_f6ac6/fast"
/usr/bin/make -f CMakeFiles/cmTC_f6ac6.dir/build.make CMakeFiles/cmTC_f6ac6.dir/build
make[1]: Entering directory '/home/natalie/Documents/Repos/UniversityClasses/CIS441/Proj2A/Build/VTK-6.3.0/CMakeFiles/CMakeTmp'
Building C object CMakeFiles/cmTC_f6ac6.dir/CheckFunctionExists.c.o
/usr/bin/gcc-5   -w -w -DCHECK_FUNCTION_EXISTS=sqrt   -o CMakeFiles/cmTC_f6ac6.dir/CheckFunctionExists.c.o   -c /usr/share/cmake-3.13/Modules/CheckFunctionExists.c
Linking C executable cmTC_f6ac6
/usr/bin/cmake -E cmake_link_script CMakeFiles/cmTC_f6ac6.dir/link.txt --verbose=1
/usr/bin/gcc-5   -w -w -DCHECK_FUNCTION_EXISTS=sqrt    -rdynamic CMakeFiles/cmTC_f6ac6.dir/CheckFunctionExists.c.o  -o cmTC_f6ac6 
/usr/bin/ld: CMakeFiles/cmTC_f6ac6.dir/CheckFunctionExists.c.o: in function `main':
CheckFunctionExists.c:(.text+0x10): undefined reference to `sqrt'
collect2: error: ld returned 1 exit status
make[1]: *** [CMakeFiles/cmTC_f6ac6.dir/build.make:87: cmTC_f6ac6] Error 1
make[1]: Leaving directory '/home/natalie/Documents/Repos/UniversityClasses/CIS441/Proj2A/Build/VTK-6.3.0/CMakeFiles/CMakeTmp'
make: *** [Makefile:121: cmTC_f6ac6/fast] Error 2


Determining if the function WSAStartup exists in the ws2_32;m;dl failed with the following output:
Change Dir: /home/natalie/Documents/Repos/UniversityClasses/CIS441/Proj2A/Build/VTK-6.3.0/CMakeFiles/CMakeTmp

Run Build Command:"/usr/bin/make" "cmTC_8a96a/fast"
/usr/bin/make -f CMakeFiles/cmTC_8a96a.dir/build.make CMakeFiles/cmTC_8a96a.dir/build
make[1]: Entering directory '/home/natalie/Documents/Repos/UniversityClasses/CIS441/Proj2A/Build/VTK-6.3.0/CMakeFiles/CMakeTmp'
Building C object CMakeFiles/cmTC_8a96a.dir/CheckFunctionExists.c.o
/usr/bin/gcc-5   -w -w -DCHECK_FUNCTION_EXISTS=WSAStartup   -o CMakeFiles/cmTC_8a96a.dir/CheckFunctionExists.c.o   -c /usr/share/cmake-3.13/Modules/CheckFunctionExists.c
Linking C executable cmTC_8a96a
/usr/bin/cmake -E cmake_link_script CMakeFiles/cmTC_8a96a.dir/link.txt --verbose=1
/usr/bin/gcc-5   -w -w -DCHECK_FUNCTION_EXISTS=WSAStartup    -rdynamic CMakeFiles/cmTC_8a96a.dir/CheckFunctionExists.c.o  -o cmTC_8a96a -lws2_32 -lm -ldl 
/usr/bin/ld: cannot find -lws2_32
collect2: error: ld returned 1 exit status
make[1]: *** [CMakeFiles/cmTC_8a96a.dir/build.make:87: cmTC_8a96a] Error 1
make[1]: Leaving directory '/home/natalie/Documents/Repos/UniversityClasses/CIS441/Proj2A/Build/VTK-6.3.0/CMakeFiles/CMakeTmp'
make: *** [Makefile:121: cmTC_8a96a/fast] Error 2


Determining if the function gethostbyname exists in the wsock32;m;dl failed with the following output:
Change Dir: /home/natalie/Documents/Repos/UniversityClasses/CIS441/Proj2A/Build/VTK-6.3.0/CMakeFiles/CMakeTmp

Run Build Command:"/usr/bin/make" "cmTC_a0216/fast"
/usr/bin/make -f CMakeFiles/cmTC_a0216.dir/build.make CMakeFiles/cmTC_a0216.dir/build
make[1]: Entering directory '/home/natalie/Documents/Repos/UniversityClasses/CIS441/Proj2A/Build/VTK-6.3.0/CMakeFiles/CMakeTmp'
Building C object CMakeFiles/cmTC_a0216.dir/CheckFunctionExists.c.o
/usr/bin/gcc-5   -w -w -DCHECK_FUNCTION_EXISTS=gethostbyname   -o CMakeFiles/cmTC_a0216.dir/CheckFunctionExists.c.o   -c /usr/share/cmake-3.13/Modules/CheckFunctionExists.c
Linking C executable cmTC_a0216
/usr/bin/cmake -E cmake_link_script CMakeFiles/cmTC_a0216.dir/link.txt --verbose=1
/usr/bin/gcc-5   -w -w -DCHECK_FUNCTION_EXISTS=gethostbyname    -rdynamic CMakeFiles/cmTC_a0216.dir/CheckFunctionExists.c.o  -o cmTC_a0216 -lwsock32 -lm -ldl 
/usr/bin/ld: cannot find -lwsock32
collect2: error: ld returned 1 exit status
make[1]: *** [CMakeFiles/cmTC_a0216.dir/build.make:87: cmTC_a0216] Error 1
make[1]: Leaving directory '/home/natalie/Documents/Repos/UniversityClasses/CIS441/Proj2A/Build/VTK-6.3.0/CMakeFiles/CMakeTmp'
make: *** [Makefile:121: cmTC_a0216/fast] Error 2


Determining if the function gethostname exists in the ucb;m;dl failed with the following output:
Change Dir: /home/natalie/Documents/Repos/UniversityClasses/CIS441/Proj2A/Build/VTK-6.3.0/CMakeFiles/CMakeTmp

Run Build Command:"/usr/bin/make" "cmTC_0f1fe/fast"
/usr/bin/make -f CMakeFiles/cmTC_0f1fe.dir/build.make CMakeFiles/cmTC_0f1fe.dir/build
make[1]: Entering directory '/home/natalie/Documents/Repos/UniversityClasses/CIS441/Proj2A/Build/VTK-6.3.0/CMakeFiles/CMakeTmp'
Building C object CMakeFiles/cmTC_0f1fe.dir/CheckFunctionExists.c.o
/usr/bin/gcc-5   -w -w -DCHECK_FUNCTION_EXISTS=gethostname   -o CMakeFiles/cmTC_0f1fe.dir/CheckFunctionExists.c.o   -c /usr/share/cmake-3.13/Modules/CheckFunctionExists.c
Linking C executable cmTC_0f1fe
/usr/bin/cmake -E cmake_link_script CMakeFiles/cmTC_0f1fe.dir/link.txt --verbose=1
/usr/bin/gcc-5   -w -w -DCHECK_FUNCTION_EXISTS=gethostname    -rdynamic CMakeFiles/cmTC_0f1fe.dir/CheckFunctionExists.c.o  -o cmTC_0f1fe -lucb -lm -ldl 
/usr/bin/ld: cannot find -lucb
collect2: error: ld returned 1 exit status
make[1]: *** [CMakeFiles/cmTC_0f1fe.dir/build.make:87: cmTC_0f1fe] Error 1
make[1]: Leaving directory '/home/natalie/Documents/Repos/UniversityClasses/CIS441/Proj2A/Build/VTK-6.3.0/CMakeFiles/CMakeTmp'
make: *** [Makefile:121: cmTC_0f1fe/fast] Error 2


Determining if the function connect exists in the socket;m;dl failed with the following output:
Change Dir: /home/natalie/Documents/Repos/UniversityClasses/CIS441/Proj2A/Build/VTK-6.3.0/CMakeFiles/CMakeTmp

Run Build Command:"/usr/bin/make" "cmTC_fdbf2/fast"
/usr/bin/make -f CMakeFiles/cmTC_fdbf2.dir/build.make CMakeFiles/cmTC_fdbf2.dir/build
make[1]: Entering directory '/home/natalie/Documents/Repos/UniversityClasses/CIS441/Proj2A/Build/VTK-6.3.0/CMakeFiles/CMakeTmp'
Building C object CMakeFiles/cmTC_fdbf2.dir/CheckFunctionExists.c.o
/usr/bin/gcc-5   -w -w -DCHECK_FUNCTION_EXISTS=connect   -o CMakeFiles/cmTC_fdbf2.dir/CheckFunctionExists.c.o   -c /usr/share/cmake-3.13/Modules/CheckFunctionExists.c
Linking C executable cmTC_fdbf2
/usr/bin/cmake -E cmake_link_script CMakeFiles/cmTC_fdbf2.dir/link.txt --verbose=1
/usr/bin/gcc-5   -w -w -DCHECK_FUNCTION_EXISTS=connect    -rdynamic CMakeFiles/cmTC_fdbf2.dir/CheckFunctionExists.c.o  -o cmTC_fdbf2 -lsocket -lm -ldl 
/usr/bin/ld: cannot find -lsocket
collect2: error: ld returned 1 exit status
make[1]: *** [CMakeFiles/cmTC_fdbf2.dir/build.make:87: cmTC_fdbf2] Error 1
make[1]: Leaving directory '/home/natalie/Documents/Repos/UniversityClasses/CIS441/Proj2A/Build/VTK-6.3.0/CMakeFiles/CMakeTmp'
make: *** [Makefile:121: cmTC_fdbf2/fast] Error 2


Determining if the function clock_gettime exists in the posix4 failed with the following output:
Change Dir: /home/natalie/Documents/Repos/UniversityClasses/CIS441/Proj2A/Build/VTK-6.3.0/CMakeFiles/CMakeTmp

Run Build Command:"/usr/bin/make" "cmTC_f5f08/fast"
/usr/bin/make -f CMakeFiles/cmTC_f5f08.dir/build.make CMakeFiles/cmTC_f5f08.dir/build
make[1]: Entering directory '/home/natalie/Documents/Repos/UniversityClasses/CIS441/Proj2A/Build/VTK-6.3.0/CMakeFiles/CMakeTmp'
Building C object CMakeFiles/cmTC_f5f08.dir/CheckFunctionExists.c.o
/usr/bin/gcc-5   -w -w -DCHECK_FUNCTION_EXISTS=clock_gettime   -o CMakeFiles/cmTC_f5f08.dir/CheckFunctionExists.c.o   -c /usr/share/cmake-3.13/Modules/CheckFunctionExists.c
Linking C executable cmTC_f5f08
/usr/bin/cmake -E cmake_link_script CMakeFiles/cmTC_f5f08.dir/link.txt --verbose=1
/usr/bin/gcc-5   -w -w -DCHECK_FUNCTION_EXISTS=clock_gettime    -rdynamic CMakeFiles/cmTC_f5f08.dir/CheckFunctionExists.c.o  -o cmTC_f5f08 -lposix4 -lm -ldl 
/usr/bin/ld: cannot find -lposix4
collect2: error: ld returned 1 exit status
make[1]: *** [CMakeFiles/cmTC_f5f08.dir/build.make:87: cmTC_f5f08] Error 1
make[1]: Leaving directory '/home/natalie/Documents/Repos/UniversityClasses/CIS441/Proj2A/Build/VTK-6.3.0/CMakeFiles/CMakeTmp'
make: *** [Makefile:121: cmTC_f5f08/fast] Error 2


Determining if files sys/resource.h;sys/time.h;unistd.h;sys/ioctl.h;sys/stat.h;sys/socket.h;sys/types.h;stddef.h;setjmp.h;features.h;dirent.h;stdint.h;mach/mach_time.h exist failed with the following output:
Change Dir: /home/natalie/Documents/Repos/UniversityClasses/CIS441/Proj2A/Build/VTK-6.3.0/CMakeFiles/CMakeTmp

Run Build Command:"/usr/bin/make" "cmTC_e5f03/fast"
/usr/bin/make -f CMakeFiles/cmTC_e5f03.dir/build.make CMakeFiles/cmTC_e5f03.dir/build
make[1]: Entering directory '/home/natalie/Documents/Repos/UniversityClasses/CIS441/Proj2A/Build/VTK-6.3.0/CMakeFiles/CMakeTmp'
Building C object CMakeFiles/cmTC_e5f03.dir/H5_HAVE_MACH_MACH_TIME_H.c.o
/usr/bin/gcc-5   -w -w    -o CMakeFiles/cmTC_e5f03.dir/H5_HAVE_MACH_MACH_TIME_H.c.o   -c /home/natalie/Documents/Repos/UniversityClasses/CIS441/Proj2A/Build/VTK-6.3.0/CMakeFiles/CheckIncludeFiles/H5_HAVE_MACH_MACH_TIME_H.c
/home/natalie/Documents/Repos/UniversityClasses/CIS441/Proj2A/Build/VTK-6.3.0/CMakeFiles/CheckIncludeFiles/H5_HAVE_MACH_MACH_TIME_H.c:14:28: fatal error: mach/mach_time.h: No such file or directory
compilation terminated.
make[1]: *** [CMakeFiles/cmTC_e5f03.dir/build.make:66: CMakeFiles/cmTC_e5f03.dir/H5_HAVE_MACH_MACH_TIME_H.c.o] Error 1
make[1]: Leaving directory '/home/natalie/Documents/Repos/UniversityClasses/CIS441/Proj2A/Build/VTK-6.3.0/CMakeFiles/CMakeTmp'
make: *** [Makefile:121: cmTC_e5f03/fast] Error 2

Source:
/* */
#include <sys/resource.h>
#include <sys/time.h>
#include <unistd.h>
#include <sys/ioctl.h>
#include <sys/stat.h>
#include <sys/socket.h>
#include <sys/types.h>
#include <stddef.h>
#include <setjmp.h>
#include <features.h>
#include <dirent.h>
#include <stdint.h>
#include <mach/mach_time.h>


int main(void){return 0;}

Determining if files sys/resource.h;sys/time.h;unistd.h;sys/ioctl.h;sys/stat.h;sys/socket.h;sys/types.h;stddef.h;setjmp.h;features.h;dirent.h;stdint.h;io.h exist failed with the following output:
Change Dir: /home/natalie/Documents/Repos/UniversityClasses/CIS441/Proj2A/Build/VTK-6.3.0/CMakeFiles/CMakeTmp

Run Build Command:"/usr/bin/make" "cmTC_e5c48/fast"
/usr/bin/make -f CMakeFiles/cmTC_e5c48.dir/build.make CMakeFiles/cmTC_e5c48.dir/build
make[1]: Entering directory '/home/natalie/Documents/Repos/UniversityClasses/CIS441/Proj2A/Build/VTK-6.3.0/CMakeFiles/CMakeTmp'
Building C object CMakeFiles/cmTC_e5c48.dir/H5_HAVE_IO_H.c.o
/usr/bin/gcc-5   -w -w    -o CMakeFiles/cmTC_e5c48.dir/H5_HAVE_IO_H.c.o   -c /home/natalie/Documents/Repos/UniversityClasses/CIS441/Proj2A/Build/VTK-6.3.0/CMakeFiles/CheckIncludeFiles/H5_HAVE_IO_H.c
/home/natalie/Documents/Repos/UniversityClasses/CIS441/Proj2A/Build/VTK-6.3.0/CMakeFiles/CheckIncludeFiles/H5_HAVE_IO_H.c:14:16: fatal error: io.h: No such file or directory
compilation terminated.
make[1]: *** [CMakeFiles/cmTC_e5c48.dir/build.make:66: CMakeFiles/cmTC_e5c48.dir/H5_HAVE_IO_H.c.o] Error 1
make[1]: Leaving directory '/home/natalie/Documents/Repos/UniversityClasses/CIS441/Proj2A/Build/VTK-6.3.0/CMakeFiles/CMakeTmp'
make: *** [Makefile:121: cmTC_e5c48/fast] Error 2

Source:
/* */
#include <sys/resource.h>
#include <sys/time.h>
#include <unistd.h>
#include <sys/ioctl.h>
#include <sys/stat.h>
#include <sys/socket.h>
#include <sys/types.h>
#include <stddef.h>
#include <setjmp.h>
#include <features.h>
#include <dirent.h>
#include <stdint.h>
#include <io.h>


int main(void){return 0;}

Determining if files sys/resource.h;sys/time.h;unistd.h;sys/ioctl.h;sys/stat.h;sys/socket.h;sys/types.h;stddef.h;setjmp.h;features.h;dirent.h;stdint.h;winsock2.h exist failed with the following output:
Change Dir: /home/natalie/Documents/Repos/UniversityClasses/CIS441/Proj2A/Build/VTK-6.3.0/CMakeFiles/CMakeTmp

Run Build Command:"/usr/bin/make" "cmTC_7413d/fast"
/usr/bin/make -f CMakeFiles/cmTC_7413d.dir/build.make CMakeFiles/cmTC_7413d.dir/build
make[1]: Entering directory '/home/natalie/Documents/Repos/UniversityClasses/CIS441/Proj2A/Build/VTK-6.3.0/CMakeFiles/CMakeTmp'
Building C object CMakeFiles/cmTC_7413d.dir/H5_HAVE_WINSOCK2_H.c.o
/usr/bin/gcc-5   -w -w    -o CMakeFiles/cmTC_7413d.dir/H5_HAVE_WINSOCK2_H.c.o   -c /home/natalie/Documents/Repos/UniversityClasses/CIS441/Proj2A/Build/VTK-6.3.0/CMakeFiles/CheckIncludeFiles/H5_HAVE_WINSOCK2_H.c
/home/natalie/Documents/Repos/UniversityClasses/CIS441/Proj2A/Build/VTK-6.3.0/CMakeFiles/CheckIncludeFiles/H5_HAVE_WINSOCK2_H.c:14:22: fatal error: winsock2.h: No such file or directory
compilation terminated.
make[1]: *** [CMakeFiles/cmTC_7413d.dir/build.make:66: CMakeFiles/cmTC_7413d.dir/H5_HAVE_WINSOCK2_H.c.o] Error 1
make[1]: Leaving directory '/home/natalie/Documents/Repos/UniversityClasses/CIS441/Proj2A/Build/VTK-6.3.0/CMakeFiles/CMakeTmp'
make: *** [Makefile:121: cmTC_7413d/fast] Error 2

Source:
/* */
#include <sys/resource.h>
#include <sys/time.h>
#include <unistd.h>
#include <sys/ioctl.h>
#include <sys/stat.h>
#include <sys/socket.h>
#include <sys/types.h>
#include <stddef.h>
#include <setjmp.h>
#include <features.h>
#include <dirent.h>
#include <stdint.h>
#include <winsock2.h>


int main(void){return 0;}

Determining if files sys/resource.h;sys/time.h;unistd.h;sys/ioctl.h;sys/stat.h;sys/socket.h;sys/types.h;stddef.h;setjmp.h;features.h;dirent.h;stdint.h;sys/timeb.h;globus/common.h exist failed with the following output:
Change Dir: /home/natalie/Documents/Repos/UniversityClasses/CIS441/Proj2A/Build/VTK-6.3.0/CMakeFiles/CMakeTmp

Run Build Command:"/usr/bin/make" "cmTC_8dba4/fast"
/usr/bin/make -f CMakeFiles/cmTC_8dba4.dir/build.make CMakeFiles/cmTC_8dba4.dir/build
make[1]: Entering directory '/home/natalie/Documents/Repos/UniversityClasses/CIS441/Proj2A/Build/VTK-6.3.0/CMakeFiles/CMakeTmp'
Building C object CMakeFiles/cmTC_8dba4.dir/H5_HAVE_GLOBUS_COMMON_H.c.o
/usr/bin/gcc-5   -w -w    -o CMakeFiles/cmTC_8dba4.dir/H5_HAVE_GLOBUS_COMMON_H.c.o   -c /home/natalie/Documents/Repos/UniversityClasses/CIS441/Proj2A/Build/VTK-6.3.0/CMakeFiles/CheckIncludeFiles/H5_HAVE_GLOBUS_COMMON_H.c
/home/natalie/Documents/Repos/UniversityClasses/CIS441/Proj2A/Build/VTK-6.3.0/CMakeFiles/CheckIncludeFiles/H5_HAVE_GLOBUS_COMMON_H.c:15:27: fatal error: globus/common.h: No such file or directory
compilation terminated.
make[1]: *** [CMakeFiles/cmTC_8dba4.dir/build.make:66: CMakeFiles/cmTC_8dba4.dir/H5_HAVE_GLOBUS_COMMON_H.c.o] Error 1
make[1]: Leaving directory '/home/natalie/Documents/Repos/UniversityClasses/CIS441/Proj2A/Build/VTK-6.3.0/CMakeFiles/CMakeTmp'
make: *** [Makefile:121: cmTC_8dba4/fast] Error 2

Source:
/* */
#include <sys/resource.h>
#include <sys/time.h>
#include <unistd.h>
#include <sys/ioctl.h>
#include <sys/stat.h>
#include <sys/socket.h>
#include <sys/types.h>
#include <stddef.h>
#include <setjmp.h>
#include <features.h>
#include <dirent.h>
#include <stdint.h>
#include <sys/timeb.h>
#include <globus/common.h>


int main(void){return 0;}

Determining if files sys/resource.h;sys/time.h;unistd.h;sys/ioctl.h;sys/stat.h;sys/socket.h;sys/types.h;stddef.h;setjmp.h;features.h;dirent.h;stdint.h;sys/timeb.h;pdb.h exist failed with the following output:
Change Dir: /home/natalie/Documents/Repos/UniversityClasses/CIS441/Proj2A/Build/VTK-6.3.0/CMakeFiles/CMakeTmp

Run Build Command:"/usr/bin/make" "cmTC_8b4ca/fast"
/usr/bin/make -f CMakeFiles/cmTC_8b4ca.dir/build.make CMakeFiles/cmTC_8b4ca.dir/build
make[1]: Entering directory '/home/natalie/Documents/Repos/UniversityClasses/CIS441/Proj2A/Build/VTK-6.3.0/CMakeFiles/CMakeTmp'
Building C object CMakeFiles/cmTC_8b4ca.dir/H5_HAVE_PDB_H.c.o
/usr/bin/gcc-5   -w -w    -o CMakeFiles/cmTC_8b4ca.dir/H5_HAVE_PDB_H.c.o   -c /home/natalie/Documents/Repos/UniversityClasses/CIS441/Proj2A/Build/VTK-6.3.0/CMakeFiles/CheckIncludeFiles/H5_HAVE_PDB_H.c
/home/natalie/Documents/Repos/UniversityClasses/CIS441/Proj2A/Build/VTK-6.3.0/CMakeFiles/CheckIncludeFiles/H5_HAVE_PDB_H.c:15:17: fatal error: pdb.h: No such file or directory
compilation terminated.
make[1]: *** [CMakeFiles/cmTC_8b4ca.dir/build.make:66: CMakeFiles/cmTC_8b4ca.dir/H5_HAVE_PDB_H.c.o] Error 1
make[1]: Leaving directory '/home/natalie/Documents/Repos/UniversityClasses/CIS441/Proj2A/Build/VTK-6.3.0/CMakeFiles/CMakeTmp'
make: *** [Makefile:121: cmTC_8b4ca/fast] Error 2

Source:
/* */
#include <sys/resource.h>
#include <sys/time.h>
#include <unistd.h>
#include <sys/ioctl.h>
#include <sys/stat.h>
#include <sys/socket.h>
#include <sys/types.h>
#include <stddef.h>
#include <setjmp.h>
#include <features.h>
#include <dirent.h>
#include <stdint.h>
#include <sys/timeb.h>
#include <pdb.h>


int main(void){return 0;}

Determining if files sys/resource.h;sys/time.h;unistd.h;sys/ioctl.h;sys/stat.h;sys/socket.h;sys/types.h;stddef.h;setjmp.h;features.h;dirent.h;stdint.h;sys/timeb.h;pthread.h;srbclient.h exist failed with the following output:
Change Dir: /home/natalie/Documents/Repos/UniversityClasses/CIS441/Proj2A/Build/VTK-6.3.0/CMakeFiles/CMakeTmp

Run Build Command:"/usr/bin/make" "cmTC_3ba68/fast"
/usr/bin/make -f CMakeFiles/cmTC_3ba68.dir/build.make CMakeFiles/cmTC_3ba68.dir/build
make[1]: Entering directory '/home/natalie/Documents/Repos/UniversityClasses/CIS441/Proj2A/Build/VTK-6.3.0/CMakeFiles/CMakeTmp'
Building C object CMakeFiles/cmTC_3ba68.dir/H5_HAVE_SRBCLIENT_H.c.o
/usr/bin/gcc-5   -w -w    -o CMakeFiles/cmTC_3ba68.dir/H5_HAVE_SRBCLIENT_H.c.o   -c /home/natalie/Documents/Repos/UniversityClasses/CIS441/Proj2A/Build/VTK-6.3.0/CMakeFiles/CheckIncludeFiles/H5_HAVE_SRBCLIENT_H.c
/home/natalie/Documents/Repos/UniversityClasses/CIS441/Proj2A/Build/VTK-6.3.0/CMakeFiles/CheckIncludeFiles/H5_HAVE_SRBCLIENT_H.c:16:23: fatal error: srbclient.h: No such file or directory
compilation terminated.
make[1]: *** [CMakeFiles/cmTC_3ba68.dir/build.make:66: CMakeFiles/cmTC_3ba68.dir/H5_HAVE_SRBCLIENT_H.c.o] Error 1
make[1]: Leaving directory '/home/natalie/Documents/Repos/UniversityClasses/CIS441/Proj2A/Build/VTK-6.3.0/CMakeFiles/CMakeTmp'
make: *** [Makefile:121: cmTC_3ba68/fast] Error 2

Source:
/* */
#include <sys/resource.h>
#include <sys/time.h>
#include <unistd.h>
#include <sys/ioctl.h>
#include <sys/stat.h>
#include <sys/socket.h>
#include <sys/types.h>
#include <stddef.h>
#include <setjmp.h>
#include <features.h>
#include <dirent.h>
#include <stdint.h>
#include <sys/timeb.h>
#include <pthread.h>
#include <srbclient.h>


int main(void){return 0;}

Determining size of __int64 failed with the following output:
Change Dir: /home/natalie/Documents/Repos/UniversityClasses/CIS441/Proj2A/Build/VTK-6.3.0/CMakeFiles/CMakeTmp

Run Build Command:"/usr/bin/make" "cmTC_61b82/fast"
/usr/bin/make -f CMakeFiles/cmTC_61b82.dir/build.make CMakeFiles/cmTC_61b82.dir/build
make[1]: Entering directory '/home/natalie/Documents/Repos/UniversityClasses/CIS441/Proj2A/Build/VTK-6.3.0/CMakeFiles/CMakeTmp'
Building C object CMakeFiles/cmTC_61b82.dir/H5_SIZEOF___INT64.c.o
/usr/bin/gcc-5 -D_BSD_SOURCE -D_DEFAULT_SOURCE -D_FILE_OFFSET_BITS=64 -D_LARGEFILE64_SOURCE -D_LARGEFILE_SOURCE  -w -w    -o CMakeFiles/cmTC_61b82.dir/H5_SIZEOF___INT64.c.o   -c /home/natalie/Documents/Repos/UniversityClasses/CIS441/Proj2A/Build/VTK-6.3.0/CMakeFiles/CheckTypeSize/H5_SIZEOF___INT64.c
/home/natalie/Documents/Repos/UniversityClasses/CIS441/Proj2A/Build/VTK-6.3.0/CMakeFiles/CheckTypeSize/H5_SIZEOF___INT64.c:23:22: error: '__int64' undeclared here (not in a function)
 #define SIZE (sizeof(__int64))
                      ^
/home/natalie/Documents/Repos/UniversityClasses/CIS441/Proj2A/Build/VTK-6.3.0/CMakeFiles/CheckTypeSize/H5_SIZEOF___INT64.c:25:12: note: in expansion of macro 'SIZE'
   ('0' + ((SIZE / 10000)%10)),
            ^
make[1]: *** [CMakeFiles/cmTC_61b82.dir/build.make:66: CMakeFiles/cmTC_61b82.dir/H5_SIZEOF___INT64.c.o] Error 1
make[1]: Leaving directory '/home/natalie/Documents/Repos/UniversityClasses/CIS441/Proj2A/Build/VTK-6.3.0/CMakeFiles/CMakeTmp'
make: *** [Makefile:121: cmTC_61b82/fast] Error 2

/home/natalie/Documents/Repos/UniversityClasses/CIS441/Proj2A/Build/VTK-6.3.0/CMakeFiles/CheckTypeSize/H5_SIZEOF___INT64.c:
#include <sys/types.h>
#include <stdint.h>
#include <stddef.h>


#undef KEY
#if defined(__i386)
# define KEY '_','_','i','3','8','6'
#elif defined(__x86_64)
# define KEY '_','_','x','8','6','_','6','4'
#elif defined(__ppc__)
# define KEY '_','_','p','p','c','_','_'
#elif defined(__ppc64__)
# define KEY '_','_','p','p','c','6','4','_','_'
#elif defined(__aarch64__)
# define KEY '_','_','a','a','r','c','h','6','4','_','_'
#elif defined(__ARM_ARCH_7A__)
# define KEY '_','_','A','R','M','_','A','R','C','H','_','7','A','_','_'
#elif defined(__ARM_ARCH_7S__)
# define KEY '_','_','A','R','M','_','A','R','C','H','_','7','S','_','_'
#endif

#define SIZE (sizeof(__int64))
char info_size[] =  {'I', 'N', 'F', 'O', ':', 's','i','z','e','[',
  ('0' + ((SIZE / 10000)%10)),
  ('0' + ((SIZE / 1000)%10)),
  ('0' + ((SIZE / 100)%10)),
  ('0' + ((SIZE / 10)%10)),
  ('0' +  (SIZE    % 10)),
  ']',
#ifdef KEY
  ' ','k','e','y','[', KEY, ']',
#endif
  '\0'};

#ifdef __CLASSIC_C__
int main(argc, argv) int argc; char *argv[];
#else
int main(int argc, char *argv[])
#endif
{
  int require = 0;
  require += info_size[argc];
  (void)argv;
  return require;
}


Determining if the variable CLOCK_MONOTONIC exists failed with the following output:
Change Dir: /home/natalie/Documents/Repos/UniversityClasses/CIS441/Proj2A/Build/VTK-6.3.0/CMakeFiles/CMakeTmp

Run Build Command:"/usr/bin/make" "cmTC_b418e/fast"
/usr/bin/make -f CMakeFiles/cmTC_b418e.dir/build.make CMakeFiles/cmTC_b418e.dir/build
make[1]: Entering directory '/home/natalie/Documents/Repos/UniversityClasses/CIS441/Proj2A/Build/VTK-6.3.0/CMakeFiles/CMakeTmp'
Building C object CMakeFiles/cmTC_b418e.dir/CheckVariableExists.c.o
/usr/bin/gcc-5 -D_BSD_SOURCE -D_DEFAULT_SOURCE -D_FILE_OFFSET_BITS=64 -D_LARGEFILE64_SOURCE -D_LARGEFILE_SOURCE  -w -w -DCHECK_VARIABLE_EXISTS=CLOCK_MONOTONIC   -o CMakeFiles/cmTC_b418e.dir/CheckVariableExists.c.o   -c /usr/share/cmake-3.13/Modules/CheckVariableExists.c
Linking C executable cmTC_b418e
/usr/bin/cmake -E cmake_link_script CMakeFiles/cmTC_b418e.dir/link.txt --verbose=1
/usr/bin/gcc-5   -w -w -DCHECK_VARIABLE_EXISTS=CLOCK_MONOTONIC    -rdynamic CMakeFiles/cmTC_b418e.dir/CheckVariableExists.c.o  -o cmTC_b418e -lm -ldl 
/usr/bin/ld: CMakeFiles/cmTC_b418e.dir/CheckVariableExists.c.o: in function `main':
CheckVariableExists.c:(.text+0x25): undefined reference to `CLOCK_MONOTONIC'
collect2: error: ld returned 1 exit status
make[1]: *** [CMakeFiles/cmTC_b418e.dir/build.make:87: cmTC_b418e] Error 1
make[1]: Leaving directory '/home/natalie/Documents/Repos/UniversityClasses/CIS441/Proj2A/Build/VTK-6.3.0/CMakeFiles/CMakeTmp'
make: *** [Makefile:121: cmTC_b418e/fast] Error 2


Performing Other Test HAVE___TM_GMTOFF failed with the following output:
Change Dir: /home/natalie/Documents/Repos/UniversityClasses/CIS441/Proj2A/Build/VTK-6.3.0/CMakeFiles/CMakeTmp

Run Build Command:"/usr/bin/make" "cmTC_cb50c/fast"
/usr/bin/make -f CMakeFiles/cmTC_cb50c.dir/build.make CMakeFiles/cmTC_cb50c.dir/build
make[1]: Entering directory '/home/natalie/Documents/Repos/UniversityClasses/CIS441/Proj2A/Build/VTK-6.3.0/CMakeFiles/CMakeTmp'
Building C object CMakeFiles/cmTC_cb50c.dir/HDF5Tests.c.o
/usr/bin/gcc-5   -w -w -DHAVE___TM_GMTOFF  -DHAVE_SYS_TIME_H -DHAVE_UNISTD_H -DHAVE_SYS_TYPES_H -DHAVE_SYS_SOCKET_H -D_FILE_OFFSET_BITS=64 -D_LARGEFILE64_SOURCE -D_LARGEFILE_SOURCE   -o CMakeFiles/cmTC_cb50c.dir/HDF5Tests.c.o   -c /home/natalie/Documents/Repos/UniversityClasses/CIS441/Proj2A/Build/VTK-6.3.0/ThirdParty/hdf5/vtkhdf5/config/cmake/HDF5Tests.c
/home/natalie/Documents/Repos/UniversityClasses/CIS441/Proj2A/Build/VTK-6.3.0/ThirdParty/hdf5/vtkhdf5/config/cmake/HDF5Tests.c: In function 'main':
/home/natalie/Documents/Repos/UniversityClasses/CIS441/Proj2A/Build/VTK-6.3.0/ThirdParty/hdf5/vtkhdf5/config/cmake/HDF5Tests.c:191:29: error: 'struct tm' has no member named '__tm_gmtoff'
 SIMPLE_TEST(struct tm tm; tm.__tm_gmtoff=0);
                             ^
/home/natalie/Documents/Repos/UniversityClasses/CIS441/Proj2A/Build/VTK-6.3.0/ThirdParty/hdf5/vtkhdf5/config/cmake/HDF5Tests.c:1:36: note: in definition of macro 'SIMPLE_TEST'
 #define SIMPLE_TEST(x) int main(){ x; return 0; }
                                    ^
make[1]: *** [CMakeFiles/cmTC_cb50c.dir/build.make:66: CMakeFiles/cmTC_cb50c.dir/HDF5Tests.c.o] Error 1
make[1]: Leaving directory '/home/natalie/Documents/Repos/UniversityClasses/CIS441/Proj2A/Build/VTK-6.3.0/CMakeFiles/CMakeTmp'
make: *** [Makefile:121: cmTC_cb50c/fast] Error 2

Performing Other Test HAVE_STRUCT_VIDEOCONFIG failed with the following output:
Change Dir: /home/natalie/Documents/Repos/UniversityClasses/CIS441/Proj2A/Build/VTK-6.3.0/CMakeFiles/CMakeTmp

Run Build Command:"/usr/bin/make" "cmTC_ccf7f/fast"
/usr/bin/make -f CMakeFiles/cmTC_ccf7f.dir/build.make CMakeFiles/cmTC_ccf7f.dir/build
make[1]: Entering directory '/home/natalie/Documents/Repos/UniversityClasses/CIS441/Proj2A/Build/VTK-6.3.0/CMakeFiles/CMakeTmp'
Building C object CMakeFiles/cmTC_ccf7f.dir/HDF5Tests.c.o
/usr/bin/gcc-5   -w -w -DHAVE_STRUCT_VIDEOCONFIG  -DHAVE_SYS_TIME_H -DHAVE_UNISTD_H -DHAVE_SYS_TYPES_H -DHAVE_SYS_SOCKET_H -D_FILE_OFFSET_BITS=64 -D_LARGEFILE64_SOURCE -D_LARGEFILE_SOURCE   -o CMakeFiles/cmTC_ccf7f.dir/HDF5Tests.c.o   -c /home/natalie/Documents/Repos/UniversityClasses/CIS441/Proj2A/Build/VTK-6.3.0/ThirdParty/hdf5/vtkhdf5/config/cmake/HDF5Tests.c
/home/natalie/Documents/Repos/UniversityClasses/CIS441/Proj2A/Build/VTK-6.3.0/ThirdParty/hdf5/vtkhdf5/config/cmake/HDF5Tests.c: In function 'main':
/home/natalie/Documents/Repos/UniversityClasses/CIS441/Proj2A/Build/VTK-6.3.0/ThirdParty/hdf5/vtkhdf5/config/cmake/HDF5Tests.c:474:32: error: storage size of 'w' isn't known
 SIMPLE_TEST(struct videoconfig w; w.numtextcols=0);
                                ^
/home/natalie/Documents/Repos/UniversityClasses/CIS441/Proj2A/Build/VTK-6.3.0/ThirdParty/hdf5/vtkhdf5/config/cmake/HDF5Tests.c:1:36: note: in definition of macro 'SIMPLE_TEST'
 #define SIMPLE_TEST(x) int main(){ x; return 0; }
                                    ^
make[1]: *** [CMakeFiles/cmTC_ccf7f.dir/build.make:66: CMakeFiles/cmTC_ccf7f.dir/HDF5Tests.c.o] Error 1
make[1]: Leaving directory '/home/natalie/Documents/Repos/UniversityClasses/CIS441/Proj2A/Build/VTK-6.3.0/CMakeFiles/CMakeTmp'
make: *** [Makefile:121: cmTC_ccf7f/fast] Error 2

Performing Other Test HAVE_STRUCT_TEXT_INFO failed with the following output:
Change Dir: /home/natalie/Documents/Repos/UniversityClasses/CIS441/Proj2A/Build/VTK-6.3.0/CMakeFiles/CMakeTmp

Run Build Command:"/usr/bin/make" "cmTC_43911/fast"
/usr/bin/make -f CMakeFiles/cmTC_43911.dir/build.make CMakeFiles/cmTC_43911.dir/build
make[1]: Entering directory '/home/natalie/Documents/Repos/UniversityClasses/CIS441/Proj2A/Build/VTK-6.3.0/CMakeFiles/CMakeTmp'
Building C object CMakeFiles/cmTC_43911.dir/HDF5Tests.c.o
/usr/bin/gcc-5   -w -w -DHAVE_STRUCT_TEXT_INFO  -DHAVE_SYS_TIME_H -DHAVE_UNISTD_H -DHAVE_SYS_TYPES_H -DHAVE_SYS_SOCKET_H -D_FILE_OFFSET_BITS=64 -D_LARGEFILE64_SOURCE -D_LARGEFILE_SOURCE   -o CMakeFiles/cmTC_43911.dir/HDF5Tests.c.o   -c /home/natalie/Documents/Repos/UniversityClasses/CIS441/Proj2A/Build/VTK-6.3.0/ThirdParty/hdf5/vtkhdf5/config/cmake/HDF5Tests.c
/home/natalie/Documents/Repos/UniversityClasses/CIS441/Proj2A/Build/VTK-6.3.0/ThirdParty/hdf5/vtkhdf5/config/cmake/HDF5Tests.c: In function 'main':
/home/natalie/Documents/Repos/UniversityClasses/CIS441/Proj2A/Build/VTK-6.3.0/ThirdParty/hdf5/vtkhdf5/config/cmake/HDF5Tests.c:480:30: error: storage size of 'w' isn't known
 SIMPLE_TEST(struct text_info w; w.screenwidth=0);
                              ^
/home/natalie/Documents/Repos/UniversityClasses/CIS441/Proj2A/Build/VTK-6.3.0/ThirdParty/hdf5/vtkhdf5/config/cmake/HDF5Tests.c:1:36: note: in definition of macro 'SIMPLE_TEST'
 #define SIMPLE_TEST(x) int main(){ x; return 0; }
                                    ^
make[1]: *** [CMakeFiles/cmTC_43911.dir/build.make:66: CMakeFiles/cmTC_43911.dir/HDF5Tests.c.o] Error 1
make[1]: Leaving directory '/home/natalie/Documents/Repos/UniversityClasses/CIS441/Proj2A/Build/VTK-6.3.0/CMakeFiles/CMakeTmp'
make: *** [Makefile:121: cmTC_43911/fast] Error 2

Determining if the function _getvideoconfig exists failed with the following output:
Change Dir: /home/natalie/Documents/Repos/UniversityClasses/CIS441/Proj2A/Build/VTK-6.3.0/CMakeFiles/CMakeTmp

Run Build Command:"/usr/bin/make" "cmTC_a9b23/fast"
/usr/bin/make -f CMakeFiles/cmTC_a9b23.dir/build.make CMakeFiles/cmTC_a9b23.dir/build
make[1]: Entering directory '/home/natalie/Documents/Repos/UniversityClasses/CIS441/Proj2A/Build/VTK-6.3.0/CMakeFiles/CMakeTmp'
Building C object CMakeFiles/cmTC_a9b23.dir/CheckFunctionExists.c.o
/usr/bin/gcc-5 -D_BSD_SOURCE -D_DEFAULT_SOURCE -D_FILE_OFFSET_BITS=64 -D_LARGEFILE64_SOURCE -D_LARGEFILE_SOURCE  -w -w -DCHECK_FUNCTION_EXISTS=_getvideoconfig   -o CMakeFiles/cmTC_a9b23.dir/CheckFunctionExists.c.o   -c /usr/share/cmake-3.13/Modules/CheckFunctionExists.c
Linking C executable cmTC_a9b23
/usr/bin/cmake -E cmake_link_script CMakeFiles/cmTC_a9b23.dir/link.txt --verbose=1
/usr/bin/gcc-5   -w -w -DCHECK_FUNCTION_EXISTS=_getvideoconfig    -rdynamic CMakeFiles/cmTC_a9b23.dir/CheckFunctionExists.c.o  -o cmTC_a9b23 -lm -ldl 
/usr/bin/ld: CMakeFiles/cmTC_a9b23.dir/CheckFunctionExists.c.o: in function `main':
CheckFunctionExists.c:(.text+0x10): undefined reference to `_getvideoconfig'
collect2: error: ld returned 1 exit status
make[1]: *** [CMakeFiles/cmTC_a9b23.dir/build.make:87: cmTC_a9b23] Error 1
make[1]: Leaving directory '/home/natalie/Documents/Repos/UniversityClasses/CIS441/Proj2A/Build/VTK-6.3.0/CMakeFiles/CMakeTmp'
make: *** [Makefile:121: cmTC_a9b23/fast] Error 2


Determining if the function gettextinfo exists failed with the following output:
Change Dir: /home/natalie/Documents/Repos/UniversityClasses/CIS441/Proj2A/Build/VTK-6.3.0/CMakeFiles/CMakeTmp

Run Build Command:"/usr/bin/make" "cmTC_034d2/fast"
/usr/bin/make -f CMakeFiles/cmTC_034d2.dir/build.make CMakeFiles/cmTC_034d2.dir/build
make[1]: Entering directory '/home/natalie/Documents/Repos/UniversityClasses/CIS441/Proj2A/Build/VTK-6.3.0/CMakeFiles/CMakeTmp'
Building C object CMakeFiles/cmTC_034d2.dir/CheckFunctionExists.c.o
/usr/bin/gcc-5 -D_BSD_SOURCE -D_DEFAULT_SOURCE -D_FILE_OFFSET_BITS=64 -D_LARGEFILE64_SOURCE -D_LARGEFILE_SOURCE  -w -w -DCHECK_FUNCTION_EXISTS=gettextinfo   -o CMakeFiles/cmTC_034d2.dir/CheckFunctionExists.c.o   -c /usr/share/cmake-3.13/Modules/CheckFunctionExists.c
Linking C executable cmTC_034d2
/usr/bin/cmake -E cmake_link_script CMakeFiles/cmTC_034d2.dir/link.txt --verbose=1
/usr/bin/gcc-5   -w -w -DCHECK_FUNCTION_EXISTS=gettextinfo    -rdynamic CMakeFiles/cmTC_034d2.dir/CheckFunctionExists.c.o  -o cmTC_034d2 -lm -ldl 
/usr/bin/ld: CMakeFiles/cmTC_034d2.dir/CheckFunctionExists.c.o: in function `main':
CheckFunctionExists.c:(.text+0x10): undefined reference to `gettextinfo'
collect2: error: ld returned 1 exit status
make[1]: *** [CMakeFiles/cmTC_034d2.dir/build.make:87: cmTC_034d2] Error 1
make[1]: Leaving directory '/home/natalie/Documents/Repos/UniversityClasses/CIS441/Proj2A/Build/VTK-6.3.0/CMakeFiles/CMakeTmp'
make: *** [Makefile:121: cmTC_034d2/fast] Error 2


Determining if the function _scrsize exists failed with the following output:
Change Dir: /home/natalie/Documents/Repos/UniversityClasses/CIS441/Proj2A/Build/VTK-6.3.0/CMakeFiles/CMakeTmp

Run Build Command:"/usr/bin/make" "cmTC_e69fd/fast"
/usr/bin/make -f CMakeFiles/cmTC_e69fd.dir/build.make CMakeFiles/cmTC_e69fd.dir/build
make[1]: Entering directory '/home/natalie/Documents/Repos/UniversityClasses/CIS441/Proj2A/Build/VTK-6.3.0/CMakeFiles/CMakeTmp'
Building C object CMakeFiles/cmTC_e69fd.dir/CheckFunctionExists.c.o
/usr/bin/gcc-5 -D_BSD_SOURCE -D_DEFAULT_SOURCE -D_FILE_OFFSET_BITS=64 -D_LARGEFILE64_SOURCE -D_LARGEFILE_SOURCE  -w -w -DCHECK_FUNCTION_EXISTS=_scrsize   -o CMakeFiles/cmTC_e69fd.dir/CheckFunctionExists.c.o   -c /usr/share/cmake-3.13/Modules/CheckFunctionExists.c
Linking C executable cmTC_e69fd
/usr/bin/cmake -E cmake_link_script CMakeFiles/cmTC_e69fd.dir/link.txt --verbose=1
/usr/bin/gcc-5   -w -w -DCHECK_FUNCTION_EXISTS=_scrsize    -rdynamic CMakeFiles/cmTC_e69fd.dir/CheckFunctionExists.c.o  -o cmTC_e69fd -lm -ldl 
/usr/bin/ld: CMakeFiles/cmTC_e69fd.dir/CheckFunctionExists.c.o: in function `main':
CheckFunctionExists.c:(.text+0x10): undefined reference to `_scrsize'
collect2: error: ld returned 1 exit status
make[1]: *** [CMakeFiles/cmTC_e69fd.dir/build.make:87: cmTC_e69fd] Error 1
make[1]: Leaving directory '/home/natalie/Documents/Repos/UniversityClasses/CIS441/Proj2A/Build/VTK-6.3.0/CMakeFiles/CMakeTmp'
make: *** [Makefile:121: cmTC_e69fd/fast] Error 2


Determining if the function GetConsoleScreenBufferInfo exists failed with the following output:
Change Dir: /home/natalie/Documents/Repos/UniversityClasses/CIS441/Proj2A/Build/VTK-6.3.0/CMakeFiles/CMakeTmp

Run Build Command:"/usr/bin/make" "cmTC_1dc45/fast"
/usr/bin/make -f CMakeFiles/cmTC_1dc45.dir/build.make CMakeFiles/cmTC_1dc45.dir/build
make[1]: Entering directory '/home/natalie/Documents/Repos/UniversityClasses/CIS441/Proj2A/Build/VTK-6.3.0/CMakeFiles/CMakeTmp'
Building C object CMakeFiles/cmTC_1dc45.dir/CheckFunctionExists.c.o
/usr/bin/gcc-5 -D_BSD_SOURCE -D_DEFAULT_SOURCE -D_FILE_OFFSET_BITS=64 -D_LARGEFILE64_SOURCE -D_LARGEFILE_SOURCE  -w -w -DCHECK_FUNCTION_EXISTS=GetConsoleScreenBufferInfo   -o CMakeFiles/cmTC_1dc45.dir/CheckFunctionExists.c.o   -c /usr/share/cmake-3.13/Modules/CheckFunctionExists.c
Linking C executable cmTC_1dc45
/usr/bin/cmake -E cmake_link_script CMakeFiles/cmTC_1dc45.dir/link.txt --verbose=1
/usr/bin/gcc-5   -w -w -DCHECK_FUNCTION_EXISTS=GetConsoleScreenBufferInfo    -rdynamic CMakeFiles/cmTC_1dc45.dir/CheckFunctionExists.c.o  -o cmTC_1dc45 -lm -ldl 
/usr/bin/ld: CMakeFiles/cmTC_1dc45.dir/CheckFunctionExists.c.o: in function `main':
CheckFunctionExists.c:(.text+0x10): undefined reference to `GetConsoleScreenBufferInfo'
collect2: error: ld returned 1 exit status
make[1]: *** [CMakeFiles/cmTC_1dc45.dir/build.make:87: cmTC_1dc45] Error 1
make[1]: Leaving directory '/home/natalie/Documents/Repos/UniversityClasses/CIS441/Proj2A/Build/VTK-6.3.0/CMakeFiles/CMakeTmp'
make: *** [Makefile:121: cmTC_1dc45/fast] Error 2


Determining if the function setsysinfo exists failed with the following output:
Change Dir: /home/natalie/Documents/Repos/UniversityClasses/CIS441/Proj2A/Build/VTK-6.3.0/CMakeFiles/CMakeTmp

Run Build Command:"/usr/bin/make" "cmTC_dfb87/fast"
/usr/bin/make -f CMakeFiles/cmTC_dfb87.dir/build.make CMakeFiles/cmTC_dfb87.dir/build
make[1]: Entering directory '/home/natalie/Documents/Repos/UniversityClasses/CIS441/Proj2A/Build/VTK-6.3.0/CMakeFiles/CMakeTmp'
Building C object CMakeFiles/cmTC_dfb87.dir/CheckFunctionExists.c.o
/usr/bin/gcc-5 -D_BSD_SOURCE -D_DEFAULT_SOURCE -D_FILE_OFFSET_BITS=64 -D_LARGEFILE64_SOURCE -D_LARGEFILE_SOURCE  -w -w -DCHECK_FUNCTION_EXISTS=setsysinfo   -o CMakeFiles/cmTC_dfb87.dir/CheckFunctionExists.c.o   -c /usr/share/cmake-3.13/Modules/CheckFunctionExists.c
Linking C executable cmTC_dfb87
/usr/bin/cmake -E cmake_link_script CMakeFiles/cmTC_dfb87.dir/link.txt --verbose=1
/usr/bin/gcc-5   -w -w -DCHECK_FUNCTION_EXISTS=setsysinfo    -rdynamic CMakeFiles/cmTC_dfb87.dir/CheckFunctionExists.c.o  -o cmTC_dfb87 -lm -ldl 
/usr/bin/ld: CMakeFiles/cmTC_dfb87.dir/CheckFunctionExists.c.o: in function `main':
CheckFunctionExists.c:(.text+0x10): undefined reference to `setsysinfo'
collect2: error: ld returned 1 exit status
make[1]: *** [CMakeFiles/cmTC_dfb87.dir/build.make:87: cmTC_dfb87] Error 1
make[1]: Leaving directory '/home/natalie/Documents/Repos/UniversityClasses/CIS441/Proj2A/Build/VTK-6.3.0/CMakeFiles/CMakeTmp'
make: *** [Makefile:121: cmTC_dfb87/fast] Error 2


Determining if the function sigsetjmp exists failed with the following output:
Change Dir: /home/natalie/Documents/Repos/UniversityClasses/CIS441/Proj2A/Build/VTK-6.3.0/CMakeFiles/CMakeTmp

Run Build Command:"/usr/bin/make" "cmTC_ef056/fast"
/usr/bin/make -f CMakeFiles/cmTC_ef056.dir/build.make CMakeFiles/cmTC_ef056.dir/build
make[1]: Entering directory '/home/natalie/Documents/Repos/UniversityClasses/CIS441/Proj2A/Build/VTK-6.3.0/CMakeFiles/CMakeTmp'
Building C object CMakeFiles/cmTC_ef056.dir/CheckFunctionExists.c.o
/usr/bin/gcc-5 -D_BSD_SOURCE -D_DEFAULT_SOURCE -D_FILE_OFFSET_BITS=64 -D_LARGEFILE64_SOURCE -D_LARGEFILE_SOURCE  -w -w -DCHECK_FUNCTION_EXISTS=sigsetjmp   -o CMakeFiles/cmTC_ef056.dir/CheckFunctionExists.c.o   -c /usr/share/cmake-3.13/Modules/CheckFunctionExists.c
Linking C executable cmTC_ef056
/usr/bin/cmake -E cmake_link_script CMakeFiles/cmTC_ef056.dir/link.txt --verbose=1
/usr/bin/gcc-5   -w -w -DCHECK_FUNCTION_EXISTS=sigsetjmp    -rdynamic CMakeFiles/cmTC_ef056.dir/CheckFunctionExists.c.o  -o cmTC_ef056 -lm -ldl 
/usr/bin/ld: CMakeFiles/cmTC_ef056.dir/CheckFunctionExists.c.o: in function `main':
CheckFunctionExists.c:(.text+0x10): undefined reference to `sigsetjmp'
collect2: error: ld returned 1 exit status
make[1]: *** [CMakeFiles/cmTC_ef056.dir/build.make:87: cmTC_ef056] Error 1
make[1]: Leaving directory '/home/natalie/Documents/Repos/UniversityClasses/CIS441/Proj2A/Build/VTK-6.3.0/CMakeFiles/CMakeTmp'
make: *** [Makefile:121: cmTC_ef056/fast] Error 2


Performing CXX Test OLD_HEADER_FILENAME failed with the following output:
Change Dir: /home/natalie/Documents/Repos/UniversityClasses/CIS441/Proj2A/Build/VTK-6.3.0/CMakeFiles/CMakeTmp

Run Build Command:"/usr/bin/make" "cmTC_567e1/fast"
/usr/bin/make -f CMakeFiles/cmTC_567e1.dir/build.make CMakeFiles/cmTC_567e1.dir/build
make[1]: Entering directory '/home/natalie/Documents/Repos/UniversityClasses/CIS441/Proj2A/Build/VTK-6.3.0/CMakeFiles/CMakeTmp'
Building CXX object CMakeFiles/cmTC_567e1.dir/HDF5CXXTests.cpp.o
/usr/bin/g++-5    -w -w -DOLD_HEADER_FILENAME  -DHAVE_SYS_TIME_H -DHAVE_UNISTD_H -DHAVE_SYS_TYPES_H -DHAVE_SYS_SOCKET_H -D_FILE_OFFSET_BITS=64 -D_LARGEFILE64_SOURCE -D_LARGEFILE_SOURCE   -o CMakeFiles/cmTC_567e1.dir/HDF5CXXTests.cpp.o -c /home/natalie/Documents/Repos/UniversityClasses/CIS441/Proj2A/Build/VTK-6.3.0/ThirdParty/hdf5/vtkhdf5/config/cmake/HDF5CXXTests.cpp
Linking CXX executable cmTC_567e1
/usr/bin/cmake -E cmake_link_script CMakeFiles/cmTC_567e1.dir/link.txt --verbose=1
/usr/bin/g++-5    -w -w -DOLD_HEADER_FILENAME  -DHAVE_SYS_TIME_H -DHAVE_UNISTD_H -DHAVE_SYS_TYPES_H -DHAVE_SYS_SOCKET_H -D_FILE_OFFSET_BITS=64 -D_LARGEFILE64_SOURCE -D_LARGEFILE_SOURCE    -rdynamic CMakeFiles/cmTC_567e1.dir/HDF5CXXTests.cpp.o  -o cmTC_567e1 -lm -ldl 
make[1]: Leaving directory '/home/natalie/Documents/Repos/UniversityClasses/CIS441/Proj2A/Build/VTK-6.3.0/CMakeFiles/CMakeTmp'

Performing CXX Test H5_NO_NAMESPACE failed with the following output:
Change Dir: /home/natalie/Documents/Repos/UniversityClasses/CIS441/Proj2A/Build/VTK-6.3.0/CMakeFiles/CMakeTmp

Run Build Command:"/usr/bin/make" "cmTC_12f75/fast"
/usr/bin/make -f CMakeFiles/cmTC_12f75.dir/build.make CMakeFiles/cmTC_12f75.dir/build
make[1]: Entering directory '/home/natalie/Documents/Repos/UniversityClasses/CIS441/Proj2A/Build/VTK-6.3.0/CMakeFiles/CMakeTmp'
Building CXX object CMakeFiles/cmTC_12f75.dir/HDF5CXXTests.cpp.o
/usr/bin/g++-5    -w -w -DH5_NO_NAMESPACE  -DHAVE_SYS_TIME_H -DHAVE_UNISTD_H -DHAVE_SYS_TYPES_H -DHAVE_SYS_SOCKET_H -D_FILE_OFFSET_BITS=64 -D_LARGEFILE64_SOURCE -D_LARGEFILE_SOURCE   -o CMakeFiles/cmTC_12f75.dir/HDF5CXXTests.cpp.o -c /home/natalie/Documents/Repos/UniversityClasses/CIS441/Proj2A/Build/VTK-6.3.0/ThirdParty/hdf5/vtkhdf5/config/cmake/HDF5CXXTests.cpp
Linking CXX executable cmTC_12f75
/usr/bin/cmake -E cmake_link_script CMakeFiles/cmTC_12f75.dir/link.txt --verbose=1
/usr/bin/g++-5    -w -w -DH5_NO_NAMESPACE  -DHAVE_SYS_TIME_H -DHAVE_UNISTD_H -DHAVE_SYS_TYPES_H -DHAVE_SYS_SOCKET_H -D_FILE_OFFSET_BITS=64 -D_LARGEFILE64_SOURCE -D_LARGEFILE_SOURCE    -rdynamic CMakeFiles/cmTC_12f75.dir/HDF5CXXTests.cpp.o  -o cmTC_12f75 -lm -ldl 
make[1]: Leaving directory '/home/natalie/Documents/Repos/UniversityClasses/CIS441/Proj2A/Build/VTK-6.3.0/CMakeFiles/CMakeTmp'

Performing CXX Test H5_NO_STD failed with the following output:
Change Dir: /home/natalie/Documents/Repos/UniversityClasses/CIS441/Proj2A/Build/VTK-6.3.0/CMakeFiles/CMakeTmp

Run Build Command:"/usr/bin/make" "cmTC_99b39/fast"
/usr/bin/make -f CMakeFiles/cmTC_99b39.dir/build.make CMakeFiles/cmTC_99b39.dir/build
make[1]: Entering directory '/home/natalie/Documents/Repos/UniversityClasses/CIS441/Proj2A/Build/VTK-6.3.0/CMakeFiles/CMakeTmp'
Building CXX object CMakeFiles/cmTC_99b39.dir/HDF5CXXTests.cpp.o
/usr/bin/g++-5    -w -w -DH5_NO_STD  -DHAVE_SYS_TIME_H -DHAVE_UNISTD_H -DHAVE_SYS_TYPES_H -DHAVE_SYS_SOCKET_H -D_FILE_OFFSET_BITS=64 -D_LARGEFILE64_SOURCE -D_LARGEFILE_SOURCE   -o CMakeFiles/cmTC_99b39.dir/HDF5CXXTests.cpp.o -c /home/natalie/Documents/Repos/UniversityClasses/CIS441/Proj2A/Build/VTK-6.3.0/ThirdParty/hdf5/vtkhdf5/config/cmake/HDF5CXXTests.cpp
Linking CXX executable cmTC_99b39
/usr/bin/cmake -E cmake_link_script CMakeFiles/cmTC_99b39.dir/link.txt --verbose=1
/usr/bin/g++-5    -w -w -DH5_NO_STD  -DHAVE_SYS_TIME_H -DHAVE_UNISTD_H -DHAVE_SYS_TYPES_H -DHAVE_SYS_SOCKET_H -D_FILE_OFFSET_BITS=64 -D_LARGEFILE64_SOURCE -D_LARGEFILE_SOURCE    -rdynamic CMakeFiles/cmTC_99b39.dir/HDF5CXXTests.cpp.o  -o cmTC_99b39 -lm -ldl 
make[1]: Leaving directory '/home/natalie/Documents/Repos/UniversityClasses/CIS441/Proj2A/Build/VTK-6.3.0/CMakeFiles/CMakeTmp'

Performing CXX Test BOOL_NOTDEFINED failed with the following output:
Change Dir: /home/natalie/Documents/Repos/UniversityClasses/CIS441/Proj2A/Build/VTK-6.3.0/CMakeFiles/CMakeTmp

Run Build Command:"/usr/bin/make" "cmTC_70cc9/fast"
/usr/bin/make -f CMakeFiles/cmTC_70cc9.dir/build.make CMakeFiles/cmTC_70cc9.dir/build
make[1]: Entering directory '/home/natalie/Documents/Repos/UniversityClasses/CIS441/Proj2A/Build/VTK-6.3.0/CMakeFiles/CMakeTmp'
Building CXX object CMakeFiles/cmTC_70cc9.dir/HDF5CXXTests.cpp.o
/usr/bin/g++-5    -w -w -DBOOL_NOTDEFINED  -DHAVE_SYS_TIME_H -DHAVE_UNISTD_H -DHAVE_SYS_TYPES_H -DHAVE_SYS_SOCKET_H -D_FILE_OFFSET_BITS=64 -D_LARGEFILE64_SOURCE -D_LARGEFILE_SOURCE   -o CMakeFiles/cmTC_70cc9.dir/HDF5CXXTests.cpp.o -c /home/natalie/Documents/Repos/UniversityClasses/CIS441/Proj2A/Build/VTK-6.3.0/ThirdParty/hdf5/vtkhdf5/config/cmake/HDF5CXXTests.cpp
Linking CXX executable cmTC_70cc9
/usr/bin/cmake -E cmake_link_script CMakeFiles/cmTC_70cc9.dir/link.txt --verbose=1
/usr/bin/g++-5    -w -w -DBOOL_NOTDEFINED  -DHAVE_SYS_TIME_H -DHAVE_UNISTD_H -DHAVE_SYS_TYPES_H -DHAVE_SYS_SOCKET_H -D_FILE_OFFSET_BITS=64 -D_LARGEFILE64_SOURCE -D_LARGEFILE_SOURCE    -rdynamic CMakeFiles/cmTC_70cc9.dir/HDF5CXXTests.cpp.o  -o cmTC_70cc9 -lm -ldl 
make[1]: Leaving directory '/home/natalie/Documents/Repos/UniversityClasses/CIS441/Proj2A/Build/VTK-6.3.0/CMakeFiles/CMakeTmp'

Performing CXX Test NO_STATIC_CAST failed with the following output:
Change Dir: /home/natalie/Documents/Repos/UniversityClasses/CIS441/Proj2A/Build/VTK-6.3.0/CMakeFiles/CMakeTmp

Run Build Command:"/usr/bin/make" "cmTC_39bca/fast"
/usr/bin/make -f CMakeFiles/cmTC_39bca.dir/build.make CMakeFiles/cmTC_39bca.dir/build
make[1]: Entering directory '/home/natalie/Documents/Repos/UniversityClasses/CIS441/Proj2A/Build/VTK-6.3.0/CMakeFiles/CMakeTmp'
Building CXX object CMakeFiles/cmTC_39bca.dir/HDF5CXXTests.cpp.o
/usr/bin/g++-5    -w -w -DNO_STATIC_CAST  -DHAVE_SYS_TIME_H -DHAVE_UNISTD_H -DHAVE_SYS_TYPES_H -DHAVE_SYS_SOCKET_H -D_FILE_OFFSET_BITS=64 -D_LARGEFILE64_SOURCE -D_LARGEFILE_SOURCE   -o CMakeFiles/cmTC_39bca.dir/HDF5CXXTests.cpp.o -c /home/natalie/Documents/Repos/UniversityClasses/CIS441/Proj2A/Build/VTK-6.3.0/ThirdParty/hdf5/vtkhdf5/config/cmake/HDF5CXXTests.cpp
Linking CXX executable cmTC_39bca
/usr/bin/cmake -E cmake_link_script CMakeFiles/cmTC_39bca.dir/link.txt --verbose=1
/usr/bin/g++-5    -w -w -DNO_STATIC_CAST  -DHAVE_SYS_TIME_H -DHAVE_UNISTD_H -DHAVE_SYS_TYPES_H -DHAVE_SYS_SOCKET_H -D_FILE_OFFSET_BITS=64 -D_LARGEFILE64_SOURCE -D_LARGEFILE_SOURCE    -rdynamic CMakeFiles/cmTC_39bca.dir/HDF5CXXTests.cpp.o  -o cmTC_39bca -lm -ldl 
make[1]: Leaving directory '/home/natalie/Documents/Repos/UniversityClasses/CIS441/Proj2A/Build/VTK-6.3.0/CMakeFiles/CMakeTmp'

Test H5_FP_TO_ULLONG_RIGHT_MAXIMUM Run failed with the following output and exit code:
 Change Dir: /home/natalie/Documents/Repos/UniversityClasses/CIS441/Proj2A/Build/VTK-6.3.0/ThirdParty/hdf5/vtkhdf5/CMake/CMakeFiles/CMakeTmp

Run Build Command:"/usr/bin/make" "cmTC_6e8f8/fast"
/usr/bin/make -f CMakeFiles/cmTC_6e8f8.dir/build.make CMakeFiles/cmTC_6e8f8.dir/build
make[1]: Entering directory '/home/natalie/Documents/Repos/UniversityClasses/CIS441/Proj2A/Build/VTK-6.3.0/ThirdParty/hdf5/vtkhdf5/CMake/CMakeFiles/CMakeTmp'
Building C object CMakeFiles/cmTC_6e8f8.dir/ConversionTests.c.o
/usr/bin/gcc-5   -w -w -DH5_FP_TO_ULLONG_RIGHT_MAXIMUM_TEST   -o CMakeFiles/cmTC_6e8f8.dir/ConversionTests.c.o   -c /home/natalie/Documents/Repos/UniversityClasses/CIS441/Proj2A/Build/VTK-6.3.0/ThirdParty/hdf5/vtkhdf5/config/cmake/ConversionTests.c
Linking C executable cmTC_6e8f8
/usr/bin/cmake -E cmake_link_script CMakeFiles/cmTC_6e8f8.dir/link.txt --verbose=1
/usr/bin/gcc-5   -w -w -DH5_FP_TO_ULLONG_RIGHT_MAXIMUM_TEST    -rdynamic CMakeFiles/cmTC_6e8f8.dir/ConversionTests.c.o  -o cmTC_6e8f8 
make[1]: Leaving directory '/home/natalie/Documents/Repos/UniversityClasses/CIS441/Proj2A/Build/VTK-6.3.0/ThirdParty/hdf5/vtkhdf5/CMake/CMakeFiles/CMakeTmp'

Determining size of uchar failed with the following output:
Change Dir: /home/natalie/Documents/Repos/UniversityClasses/CIS441/Proj2A/Build/VTK-6.3.0/CMakeFiles/CMakeTmp

Run Build Command:"/usr/bin/make" "cmTC_536f1/fast"
/usr/bin/make -f CMakeFiles/cmTC_536f1.dir/build.make CMakeFiles/cmTC_536f1.dir/build
make[1]: Entering directory '/home/natalie/Documents/Repos/UniversityClasses/CIS441/Proj2A/Build/VTK-6.3.0/CMakeFiles/CMakeTmp'
Building C object CMakeFiles/cmTC_536f1.dir/SIZEOF_UCHAR.c.o
/usr/bin/gcc-5   -w -w    -o CMakeFiles/cmTC_536f1.dir/SIZEOF_UCHAR.c.o   -c /home/natalie/Documents/Repos/UniversityClasses/CIS441/Proj2A/Build/VTK-6.3.0/CMakeFiles/CheckTypeSize/SIZEOF_UCHAR.c
/home/natalie/Documents/Repos/UniversityClasses/CIS441/Proj2A/Build/VTK-6.3.0/CMakeFiles/CheckTypeSize/SIZEOF_UCHAR.c:23:22: error: 'uchar' undeclared here (not in a function)
 #define SIZE (sizeof(uchar))
                      ^
/home/natalie/Documents/Repos/UniversityClasses/CIS441/Proj2A/Build/VTK-6.3.0/CMakeFiles/CheckTypeSize/SIZEOF_UCHAR.c:25:12: note: in expansion of macro 'SIZE'
   ('0' + ((SIZE / 10000)%10)),
            ^
make[1]: *** [CMakeFiles/cmTC_536f1.dir/build.make:66: CMakeFiles/cmTC_536f1.dir/SIZEOF_UCHAR.c.o] Error 1
make[1]: Leaving directory '/home/natalie/Documents/Repos/UniversityClasses/CIS441/Proj2A/Build/VTK-6.3.0/CMakeFiles/CMakeTmp'
make: *** [Makefile:121: cmTC_536f1/fast] Error 2

/home/natalie/Documents/Repos/UniversityClasses/CIS441/Proj2A/Build/VTK-6.3.0/CMakeFiles/CheckTypeSize/SIZEOF_UCHAR.c:
#include <sys/types.h>
#include <stdint.h>
#include <stddef.h>


#undef KEY
#if defined(__i386)
# define KEY '_','_','i','3','8','6'
#elif defined(__x86_64)
# define KEY '_','_','x','8','6','_','6','4'
#elif defined(__ppc__)
# define KEY '_','_','p','p','c','_','_'
#elif defined(__ppc64__)
# define KEY '_','_','p','p','c','6','4','_','_'
#elif defined(__aarch64__)
# define KEY '_','_','a','a','r','c','h','6','4','_','_'
#elif defined(__ARM_ARCH_7A__)
# define KEY '_','_','A','R','M','_','A','R','C','H','_','7','A','_','_'
#elif defined(__ARM_ARCH_7S__)
# define KEY '_','_','A','R','M','_','A','R','C','H','_','7','S','_','_'
#endif

#define SIZE (sizeof(uchar))
char info_size[] =  {'I', 'N', 'F', 'O', ':', 's','i','z','e','[',
  ('0' + ((SIZE / 10000)%10)),
  ('0' + ((SIZE / 1000)%10)),
  ('0' + ((SIZE / 100)%10)),
  ('0' + ((SIZE / 10)%10)),
  ('0' +  (SIZE    % 10)),
  ']',
#ifdef KEY
  ' ','k','e','y','[', KEY, ']',
#endif
  '\0'};

#ifdef __CLASSIC_C__
int main(argc, argv) int argc; char *argv[];
#else
int main(int argc, char *argv[])
#endif
{
  int require = 0;
  require += info_size[argc];
  (void)argv;
  return require;
}


Performing C SOURCE FILE Test GLX_INCLUDES_GLXEXT failed with the following output:
Change Dir: /home/natalie/Documents/Repos/UniversityClasses/CIS441/Proj2A/Build/VTK-6.3.0/CMakeFiles/CMakeTmp

Run Build Command:"/usr/bin/make" "cmTC_b6b75/fast"
/usr/bin/make -f CMakeFiles/cmTC_b6b75.dir/build.make CMakeFiles/cmTC_b6b75.dir/build
make[1]: Entering directory '/home/natalie/Documents/Repos/UniversityClasses/CIS441/Proj2A/Build/VTK-6.3.0/CMakeFiles/CMakeTmp'
Building C object CMakeFiles/cmTC_b6b75.dir/src.c.o
/usr/bin/gcc-5   -DGLX_INCLUDES_GLXEXT   -o CMakeFiles/cmTC_b6b75.dir/src.c.o   -c /home/natalie/Documents/Repos/UniversityClasses/CIS441/Proj2A/Build/VTK-6.3.0/CMakeFiles/CMakeTmp/src.c
/home/natalie/Documents/Repos/UniversityClasses/CIS441/Proj2A/Build/VTK-6.3.0/CMakeFiles/CMakeTmp/src.c: In function 'main':
/home/natalie/Documents/Repos/UniversityClasses/CIS441/Proj2A/Build/VTK-6.3.0/CMakeFiles/CMakeTmp/src.c:8:2: error: 'a' undeclared (first use in this function)
  a; /* will raise a syntax error */
  ^
/home/natalie/Documents/Repos/UniversityClasses/CIS441/Proj2A/Build/VTK-6.3.0/CMakeFiles/CMakeTmp/src.c:8:2: note: each undeclared identifier is reported only once for each function it appears in
make[1]: *** [CMakeFiles/cmTC_b6b75.dir/build.make:66: CMakeFiles/cmTC_b6b75.dir/src.c.o] Error 1
make[1]: Leaving directory '/home/natalie/Documents/Repos/UniversityClasses/CIS441/Proj2A/Build/VTK-6.3.0/CMakeFiles/CMakeTmp'
make: *** [Makefile:121: cmTC_b6b75/fast] Error 2

Source file was:

#include <GL/glx.h>
int main()
{
#ifdef __glxext_h_
 return 0;
#else
 a; /* will raise a syntax error */
#endif
}

Performing C SOURCE FILE Test GLX_DEFINES_TYPE_GLXextFuncPtr_AS_EMPTY failed with the following output:
Change Dir: /home/natalie/Documents/Repos/UniversityClasses/CIS441/Proj2A/Build/VTK-6.3.0/CMakeFiles/CMakeTmp

Run Build Command:"/usr/bin/make" "cmTC_8c68a/fast"
/usr/bin/make -f CMakeFiles/cmTC_8c68a.dir/build.make CMakeFiles/cmTC_8c68a.dir/build
make[1]: Entering directory '/home/natalie/Documents/Repos/UniversityClasses/CIS441/Proj2A/Build/VTK-6.3.0/CMakeFiles/CMakeTmp'
Building C object CMakeFiles/cmTC_8c68a.dir/src.c.o
/usr/bin/gcc-5   -DGLX_DEFINES_TYPE_GLXextFuncPtr_AS_EMPTY   -o CMakeFiles/cmTC_8c68a.dir/src.c.o   -c /home/natalie/Documents/Repos/UniversityClasses/CIS441/Proj2A/Build/VTK-6.3.0/CMakeFiles/CMakeTmp/src.c
/home/natalie/Documents/Repos/UniversityClasses/CIS441/Proj2A/Build/VTK-6.3.0/CMakeFiles/CMakeTmp/src.c: In function 'main':
/home/natalie/Documents/Repos/UniversityClasses/CIS441/Proj2A/Build/VTK-6.3.0/CMakeFiles/CMakeTmp/src.c:8:2: error: too many arguments to function 'f'
  f(x); /* fails if prototype is void, pass if prototype is empty. */
  ^
make[1]: *** [CMakeFiles/cmTC_8c68a.dir/build.make:66: CMakeFiles/cmTC_8c68a.dir/src.c.o] Error 1
make[1]: Leaving directory '/home/natalie/Documents/Repos/UniversityClasses/CIS441/Proj2A/Build/VTK-6.3.0/CMakeFiles/CMakeTmp'
make: *** [Makefile:121: cmTC_8c68a/fast] Error 2

Source file was:

#define GLX_GLXEXT_LEGACY
#include <GL/glx.h>
int main()
{
 __GLXextFuncPtr f;
 int x;
 f(x); /* fails if prototype is void, pass if prototype is empty. */

 return 0;
}

Performing C SOURCE FILE Test GLX_DECLARES_FUNCTION_glXGetProcAddressARB_AS_EMPTY failed with the following output:
Change Dir: /home/natalie/Documents/Repos/UniversityClasses/CIS441/Proj2A/Build/VTK-6.3.0/CMakeFiles/CMakeTmp

Run Build Command:"/usr/bin/make" "cmTC_09713/fast"
/usr/bin/make -f CMakeFiles/cmTC_09713.dir/build.make CMakeFiles/cmTC_09713.dir/build
make[1]: Entering directory '/home/natalie/Documents/Repos/UniversityClasses/CIS441/Proj2A/Build/VTK-6.3.0/CMakeFiles/CMakeTmp'
Building C object CMakeFiles/cmTC_09713.dir/src.c.o
/usr/bin/gcc-5   -DGLX_DECLARES_FUNCTION_glXGetProcAddressARB_AS_EMPTY   -o CMakeFiles/cmTC_09713.dir/src.c.o   -c /home/natalie/Documents/Repos/UniversityClasses/CIS441/Proj2A/Build/VTK-6.3.0/CMakeFiles/CMakeTmp/src.c
/home/natalie/Documents/Repos/UniversityClasses/CIS441/Proj2A/Build/VTK-6.3.0/CMakeFiles/CMakeTmp/src.c: In function 'main':
/home/natalie/Documents/Repos/UniversityClasses/CIS441/Proj2A/Build/VTK-6.3.0/CMakeFiles/CMakeTmp/src.c:8:2: error: too many arguments to function 'glXGetProcAddressARB((const GLubyte *)"aRandomFunction")'
  glXGetProcAddressARB((const GLubyte *)("aRandomFunction"))(x);
  ^
make[1]: *** [CMakeFiles/cmTC_09713.dir/build.make:66: CMakeFiles/cmTC_09713.dir/src.c.o] Error 1
make[1]: Leaving directory '/home/natalie/Documents/Repos/UniversityClasses/CIS441/Proj2A/Build/VTK-6.3.0/CMakeFiles/CMakeTmp'
make: *** [Makefile:121: cmTC_09713/fast] Error 2

Source file was:

#define GLX_GLXEXT_LEGACY
#include <GL/glx.h>
int main()
{
 int x;
 /* fails if prototype is void, pass if prototype is empty. */
 glXGetProcAddressARB((const GLubyte *)("aRandomFunction"))(x);
 return 0;
}

Performing C SOURCE FILE Test GLX_DECLARES_FUNCTION_glXGetProcAddress_AS_EMPTY failed with the following output:
Change Dir: /home/natalie/Documents/Repos/UniversityClasses/CIS441/Proj2A/Build/VTK-6.3.0/CMakeFiles/CMakeTmp

Run Build Command:"/usr/bin/make" "cmTC_341e9/fast"
/usr/bin/make -f CMakeFiles/cmTC_341e9.dir/build.make CMakeFiles/cmTC_341e9.dir/build
make[1]: Entering directory '/home/natalie/Documents/Repos/UniversityClasses/CIS441/Proj2A/Build/VTK-6.3.0/CMakeFiles/CMakeTmp'
Building C object CMakeFiles/cmTC_341e9.dir/src.c.o
/usr/bin/gcc-5   -DGLX_DECLARES_FUNCTION_glXGetProcAddress_AS_EMPTY   -o CMakeFiles/cmTC_341e9.dir/src.c.o   -c /home/natalie/Documents/Repos/UniversityClasses/CIS441/Proj2A/Build/VTK-6.3.0/CMakeFiles/CMakeTmp/src.c
/home/natalie/Documents/Repos/UniversityClasses/CIS441/Proj2A/Build/VTK-6.3.0/CMakeFiles/CMakeTmp/src.c: In function 'main':
/home/natalie/Documents/Repos/UniversityClasses/CIS441/Proj2A/Build/VTK-6.3.0/CMakeFiles/CMakeTmp/src.c:8:2: error: too many arguments to function 'glXGetProcAddress((const GLubyte *)"aRandomFunction")'
  glXGetProcAddress((const GLubyte *)("aRandomFunction"))(x);
  ^
make[1]: *** [CMakeFiles/cmTC_341e9.dir/build.make:66: CMakeFiles/cmTC_341e9.dir/src.c.o] Error 1
make[1]: Leaving directory '/home/natalie/Documents/Repos/UniversityClasses/CIS441/Proj2A/Build/VTK-6.3.0/CMakeFiles/CMakeTmp'
make: *** [Makefile:121: cmTC_341e9/fast] Error 2

Source file was:

#define GLX_GLXEXT_LEGACY
#include <GL/glx.h>
int main()
{
 int x;
 /* fails if prototype is void, pass if prototype is empty. */
 glXGetProcAddress((const GLubyte *)("aRandomFunction"))(x);
 return 0;
}

Determining if the function shl_load exists in the dld;dl failed with the following output:
Change Dir: /home/natalie/Documents/Repos/UniversityClasses/CIS441/Proj2A/Build/VTK-6.3.0/CMakeFiles/CMakeTmp

Run Build Command:"/usr/bin/make" "cmTC_d9658/fast"
/usr/bin/make -f CMakeFiles/cmTC_d9658.dir/build.make CMakeFiles/cmTC_d9658.dir/build
make[1]: Entering directory '/home/natalie/Documents/Repos/UniversityClasses/CIS441/Proj2A/Build/VTK-6.3.0/CMakeFiles/CMakeTmp'
Building C object CMakeFiles/cmTC_d9658.dir/CheckFunctionExists.c.o
/usr/bin/gcc-5   -w -w -DCHECK_FUNCTION_EXISTS=shl_load   -o CMakeFiles/cmTC_d9658.dir/CheckFunctionExists.c.o   -c /usr/share/cmake-3.13/Modules/CheckFunctionExists.c
Linking C executable cmTC_d9658
/usr/bin/cmake -E cmake_link_script CMakeFiles/cmTC_d9658.dir/link.txt --verbose=1
/usr/bin/gcc-5   -w -w -DCHECK_FUNCTION_EXISTS=shl_load    -rdynamic CMakeFiles/cmTC_d9658.dir/CheckFunctionExists.c.o  -o cmTC_d9658 -ldld -ldl 
/usr/bin/ld: cannot find -ldld
collect2: error: ld returned 1 exit status
make[1]: *** [CMakeFiles/cmTC_d9658.dir/build.make:87: cmTC_d9658] Error 1
make[1]: Leaving directory '/home/natalie/Documents/Repos/UniversityClasses/CIS441/Proj2A/Build/VTK-6.3.0/CMakeFiles/CMakeTmp'
make: *** [Makefile:121: cmTC_d9658/fast] Error 2


Determining if files stdio.h;stddef.h;sys/types.h;inttypes.h;dlfcn.h;fcntl.h;malloc.h;memory.h;netdb.h;limits.h;sys/socket.h;netinet/in.h;sys/select.h;stdint.h;stdlib.h;string.h;strings.h;sys/stat.h;sys/time.h;time.h;unistd.h;signal.h;errno.h;ansidecl.h;arpa/inet.h;arpa/nameser.h;ctype.h;dirent.h;dl.h exist failed with the following output:
Change Dir: /home/natalie/Documents/Repos/UniversityClasses/CIS441/Proj2A/Build/VTK-6.3.0/CMakeFiles/CMakeTmp

Run Build Command:"/usr/bin/make" "cmTC_92fb2/fast"
/usr/bin/make -f CMakeFiles/cmTC_92fb2.dir/build.make CMakeFiles/cmTC_92fb2.dir/build
make[1]: Entering directory '/home/natalie/Documents/Repos/UniversityClasses/CIS441/Proj2A/Build/VTK-6.3.0/CMakeFiles/CMakeTmp'
Building C object CMakeFiles/cmTC_92fb2.dir/HAVE_DL_H.c.o
/usr/bin/gcc-5 -D_GNU_SOURCE  -w -w    -o CMakeFiles/cmTC_92fb2.dir/HAVE_DL_H.c.o   -c /home/natalie/Documents/Repos/UniversityClasses/CIS441/Proj2A/Build/VTK-6.3.0/CMakeFiles/CheckIncludeFiles/HAVE_DL_H.c
/home/natalie/Documents/Repos/UniversityClasses/CIS441/Proj2A/Build/VTK-6.3.0/CMakeFiles/CheckIncludeFiles/HAVE_DL_H.c:30:16: fatal error: dl.h: No such file or directory
compilation terminated.
make[1]: *** [CMakeFiles/cmTC_92fb2.dir/build.make:66: CMakeFiles/cmTC_92fb2.dir/HAVE_DL_H.c.o] Error 1
make[1]: Leaving directory '/home/natalie/Documents/Repos/UniversityClasses/CIS441/Proj2A/Build/VTK-6.3.0/CMakeFiles/CMakeTmp'
make: *** [Makefile:121: cmTC_92fb2/fast] Error 2

Source:
/* */
#include <stdio.h>
#include <stddef.h>
#include <sys/types.h>
#include <inttypes.h>
#include <dlfcn.h>
#include <fcntl.h>
#include <malloc.h>
#include <memory.h>
#include <netdb.h>
#include <limits.h>
#include <sys/socket.h>
#include <netinet/in.h>
#include <sys/select.h>
#include <stdint.h>
#include <stdlib.h>
#include <string.h>
#include <strings.h>
#include <sys/stat.h>
#include <sys/time.h>
#include <time.h>
#include <unistd.h>
#include <signal.h>
#include <errno.h>
#include <ansidecl.h>
#include <arpa/inet.h>
#include <arpa/nameser.h>
#include <ctype.h>
#include <dirent.h>
#include <dl.h>


int main(void){return 0;}

Determining if files stdio.h;stddef.h;sys/types.h;inttypes.h;dlfcn.h;fcntl.h;malloc.h;memory.h;netdb.h;limits.h;sys/socket.h;netinet/in.h;sys/select.h;stdint.h;stdlib.h;string.h;strings.h;sys/stat.h;sys/time.h;time.h;unistd.h;signal.h;errno.h;ansidecl.h;arpa/inet.h;arpa/nameser.h;ctype.h;dirent.h;float.h;fp_class.h exist failed with the following output:
Change Dir: /home/natalie/Documents/Repos/UniversityClasses/CIS441/Proj2A/Build/VTK-6.3.0/CMakeFiles/CMakeTmp

Run Build Command:"/usr/bin/make" "cmTC_26ccd/fast"
/usr/bin/make -f CMakeFiles/cmTC_26ccd.dir/build.make CMakeFiles/cmTC_26ccd.dir/build
make[1]: Entering directory '/home/natalie/Documents/Repos/UniversityClasses/CIS441/Proj2A/Build/VTK-6.3.0/CMakeFiles/CMakeTmp'
Building C object CMakeFiles/cmTC_26ccd.dir/HAVE_FP_CLASS_H.c.o
/usr/bin/gcc-5 -D_GNU_SOURCE  -w -w    -o CMakeFiles/cmTC_26ccd.dir/HAVE_FP_CLASS_H.c.o   -c /home/natalie/Documents/Repos/UniversityClasses/CIS441/Proj2A/Build/VTK-6.3.0/CMakeFiles/CheckIncludeFiles/HAVE_FP_CLASS_H.c
/home/natalie/Documents/Repos/UniversityClasses/CIS441/Proj2A/Build/VTK-6.3.0/CMakeFiles/CheckIncludeFiles/HAVE_FP_CLASS_H.c:31:22: fatal error: fp_class.h: No such file or directory
compilation terminated.
make[1]: *** [CMakeFiles/cmTC_26ccd.dir/build.make:66: CMakeFiles/cmTC_26ccd.dir/HAVE_FP_CLASS_H.c.o] Error 1
make[1]: Leaving directory '/home/natalie/Documents/Repos/UniversityClasses/CIS441/Proj2A/Build/VTK-6.3.0/CMakeFiles/CMakeTmp'
make: *** [Makefile:121: cmTC_26ccd/fast] Error 2

Source:
/* */
#include <stdio.h>
#include <stddef.h>
#include <sys/types.h>
#include <inttypes.h>
#include <dlfcn.h>
#include <fcntl.h>
#include <malloc.h>
#include <memory.h>
#include <netdb.h>
#include <limits.h>
#include <sys/socket.h>
#include <netinet/in.h>
#include <sys/select.h>
#include <stdint.h>
#include <stdlib.h>
#include <string.h>
#include <strings.h>
#include <sys/stat.h>
#include <sys/time.h>
#include <time.h>
#include <unistd.h>
#include <signal.h>
#include <errno.h>
#include <ansidecl.h>
#include <arpa/inet.h>
#include <arpa/nameser.h>
#include <ctype.h>
#include <dirent.h>
#include <float.h>
#include <fp_class.h>


int main(void){return 0;}

Determining if files stdio.h;stddef.h;sys/types.h;inttypes.h;dlfcn.h;fcntl.h;malloc.h;memory.h;netdb.h;limits.h;sys/socket.h;netinet/in.h;sys/select.h;stdint.h;stdlib.h;string.h;strings.h;sys/stat.h;sys/time.h;time.h;unistd.h;signal.h;errno.h;ansidecl.h;arpa/inet.h;arpa/nameser.h;ctype.h;dirent.h;float.h;math.h;nan.h exist failed with the following output:
Change Dir: /home/natalie/Documents/Repos/UniversityClasses/CIS441/Proj2A/Build/VTK-6.3.0/CMakeFiles/CMakeTmp

Run Build Command:"/usr/bin/make" "cmTC_d0294/fast"
/usr/bin/make -f CMakeFiles/cmTC_d0294.dir/build.make CMakeFiles/cmTC_d0294.dir/build
make[1]: Entering directory '/home/natalie/Documents/Repos/UniversityClasses/CIS441/Proj2A/Build/VTK-6.3.0/CMakeFiles/CMakeTmp'
Building C object CMakeFiles/cmTC_d0294.dir/HAVE_NAN_H.c.o
/usr/bin/gcc-5 -D_GNU_SOURCE  -w -w    -o CMakeFiles/cmTC_d0294.dir/HAVE_NAN_H.c.o   -c /home/natalie/Documents/Repos/UniversityClasses/CIS441/Proj2A/Build/VTK-6.3.0/CMakeFiles/CheckIncludeFiles/HAVE_NAN_H.c
/home/natalie/Documents/Repos/UniversityClasses/CIS441/Proj2A/Build/VTK-6.3.0/CMakeFiles/CheckIncludeFiles/HAVE_NAN_H.c:32:17: fatal error: nan.h: No such file or directory
compilation terminated.
make[1]: *** [CMakeFiles/cmTC_d0294.dir/build.make:66: CMakeFiles/cmTC_d0294.dir/HAVE_NAN_H.c.o] Error 1
make[1]: Leaving directory '/home/natalie/Documents/Repos/UniversityClasses/CIS441/Proj2A/Build/VTK-6.3.0/CMakeFiles/CMakeTmp'
make: *** [Makefile:121: cmTC_d0294/fast] Error 2

Source:
/* */
#include <stdio.h>
#include <stddef.h>
#include <sys/types.h>
#include <inttypes.h>
#include <dlfcn.h>
#include <fcntl.h>
#include <malloc.h>
#include <memory.h>
#include <netdb.h>
#include <limits.h>
#include <sys/socket.h>
#include <netinet/in.h>
#include <sys/select.h>
#include <stdint.h>
#include <stdlib.h>
#include <string.h>
#include <strings.h>
#include <sys/stat.h>
#include <sys/time.h>
#include <time.h>
#include <unistd.h>
#include <signal.h>
#include <errno.h>
#include <ansidecl.h>
#include <arpa/inet.h>
#include <arpa/nameser.h>
#include <ctype.h>
#include <dirent.h>
#include <float.h>
#include <math.h>
#include <nan.h>


int main(void){return 0;}

Determining if files stdio.h;stddef.h;sys/types.h;inttypes.h;dlfcn.h;fcntl.h;malloc.h;memory.h;netdb.h;limits.h;sys/socket.h;netinet/in.h;sys/select.h;stdint.h;stdlib.h;string.h;strings.h;sys/stat.h;sys/time.h;time.h;unistd.h;signal.h;errno.h;ansidecl.h;arpa/inet.h;arpa/nameser.h;ctype.h;dirent.h;float.h;math.h;ndir.h exist failed with the following output:
Change Dir: /home/natalie/Documents/Repos/UniversityClasses/CIS441/Proj2A/Build/VTK-6.3.0/CMakeFiles/CMakeTmp

Run Build Command:"/usr/bin/make" "cmTC_34783/fast"
/usr/bin/make -f CMakeFiles/cmTC_34783.dir/build.make CMakeFiles/cmTC_34783.dir/build
make[1]: Entering directory '/home/natalie/Documents/Repos/UniversityClasses/CIS441/Proj2A/Build/VTK-6.3.0/CMakeFiles/CMakeTmp'
Building C object CMakeFiles/cmTC_34783.dir/HAVE_NDIR_H.c.o
/usr/bin/gcc-5 -D_GNU_SOURCE  -w -w    -o CMakeFiles/cmTC_34783.dir/HAVE_NDIR_H.c.o   -c /home/natalie/Documents/Repos/UniversityClasses/CIS441/Proj2A/Build/VTK-6.3.0/CMakeFiles/CheckIncludeFiles/HAVE_NDIR_H.c
/home/natalie/Documents/Repos/UniversityClasses/CIS441/Proj2A/Build/VTK-6.3.0/CMakeFiles/CheckIncludeFiles/HAVE_NDIR_H.c:32:18: fatal error: ndir.h: No such file or directory
compilation terminated.
make[1]: *** [CMakeFiles/cmTC_34783.dir/build.make:66: CMakeFiles/cmTC_34783.dir/HAVE_NDIR_H.c.o] Error 1
make[1]: Leaving directory '/home/natalie/Documents/Repos/UniversityClasses/CIS441/Proj2A/Build/VTK-6.3.0/CMakeFiles/CMakeTmp'
make: *** [Makefile:121: cmTC_34783/fast] Error 2

Source:
/* */
#include <stdio.h>
#include <stddef.h>
#include <sys/types.h>
#include <inttypes.h>
#include <dlfcn.h>
#include <fcntl.h>
#include <malloc.h>
#include <memory.h>
#include <netdb.h>
#include <limits.h>
#include <sys/socket.h>
#include <netinet/in.h>
#include <sys/select.h>
#include <stdint.h>
#include <stdlib.h>
#include <string.h>
#include <strings.h>
#include <sys/stat.h>
#include <sys/time.h>
#include <time.h>
#include <unistd.h>
#include <signal.h>
#include <errno.h>
#include <ansidecl.h>
#include <arpa/inet.h>
#include <arpa/nameser.h>
#include <ctype.h>
#include <dirent.h>
#include <float.h>
#include <math.h>
#include <ndir.h>


int main(void){return 0;}

Determining if the fpclass exist failed with the following output:
Change Dir: /home/natalie/Documents/Repos/UniversityClasses/CIS441/Proj2A/Build/VTK-6.3.0/CMakeFiles/CMakeTmp

Run Build Command:"/usr/bin/make" "cmTC_18a9b/fast"
/usr/bin/make -f CMakeFiles/cmTC_18a9b.dir/build.make CMakeFiles/cmTC_18a9b.dir/build
make[1]: Entering directory '/home/natalie/Documents/Repos/UniversityClasses/CIS441/Proj2A/Build/VTK-6.3.0/CMakeFiles/CMakeTmp'
Building C object CMakeFiles/cmTC_18a9b.dir/CheckSymbolExists.c.o
/usr/bin/gcc-5 -D_GNU_SOURCE  -w -w    -o CMakeFiles/cmTC_18a9b.dir/CheckSymbolExists.c.o   -c /home/natalie/Documents/Repos/UniversityClasses/CIS441/Proj2A/Build/VTK-6.3.0/CMakeFiles/CMakeTmp/CheckSymbolExists.c
/home/natalie/Documents/Repos/UniversityClasses/CIS441/Proj2A/Build/VTK-6.3.0/CMakeFiles/CMakeTmp/CheckSymbolExists.c: In function 'main':
/home/natalie/Documents/Repos/UniversityClasses/CIS441/Proj2A/Build/VTK-6.3.0/CMakeFiles/CMakeTmp/CheckSymbolExists.c:42:19: error: 'fpclass' undeclared (first use in this function)
   return ((int*)(&fpclass))[argc];
                   ^
/home/natalie/Documents/Repos/UniversityClasses/CIS441/Proj2A/Build/VTK-6.3.0/CMakeFiles/CMakeTmp/CheckSymbolExists.c:42:19: note: each undeclared identifier is reported only once for each function it appears in
make[1]: *** [CMakeFiles/cmTC_18a9b.dir/build.make:66: CMakeFiles/cmTC_18a9b.dir/CheckSymbolExists.c.o] Error 1
make[1]: Leaving directory '/home/natalie/Documents/Repos/UniversityClasses/CIS441/Proj2A/Build/VTK-6.3.0/CMakeFiles/CMakeTmp'
make: *** [Makefile:121: cmTC_18a9b/fast] Error 2

File /home/natalie/Documents/Repos/UniversityClasses/CIS441/Proj2A/Build/VTK-6.3.0/CMakeFiles/CMakeTmp/CheckSymbolExists.c:
/* */
#include <stdio.h>
#include <stddef.h>
#include <sys/types.h>
#include <inttypes.h>
#include <dlfcn.h>
#include <fcntl.h>
#include <malloc.h>
#include <memory.h>
#include <netdb.h>
#include <limits.h>
#include <sys/socket.h>
#include <netinet/in.h>
#include <sys/select.h>
#include <stdint.h>
#include <stdlib.h>
#include <string.h>
#include <strings.h>
#include <sys/stat.h>
#include <sys/time.h>
#include <time.h>
#include <unistd.h>
#include <signal.h>
#include <errno.h>
#include <ansidecl.h>
#include <arpa/inet.h>
#include <arpa/nameser.h>
#include <ctype.h>
#include <dirent.h>
#include <float.h>
#include <math.h>
#include <pthread.h>
#include <resolv.h>
#include <stdarg.h>
#include <sys/mman.h>
#include <sys/timeb.h>

int main(int argc, char** argv)
{
  (void)argv;
#ifndef fpclass
  return ((int*)(&fpclass))[argc];
#else
  (void)argc;
  return 0;
#endif
}

Determining if the fp_class exist failed with the following output:
Change Dir: /home/natalie/Documents/Repos/UniversityClasses/CIS441/Proj2A/Build/VTK-6.3.0/CMakeFiles/CMakeTmp

Run Build Command:"/usr/bin/make" "cmTC_7091e/fast"
/usr/bin/make -f CMakeFiles/cmTC_7091e.dir/build.make CMakeFiles/cmTC_7091e.dir/build
make[1]: Entering directory '/home/natalie/Documents/Repos/UniversityClasses/CIS441/Proj2A/Build/VTK-6.3.0/CMakeFiles/CMakeTmp'
Building C object CMakeFiles/cmTC_7091e.dir/CheckSymbolExists.c.o
/usr/bin/gcc-5 -D_GNU_SOURCE  -w -w    -o CMakeFiles/cmTC_7091e.dir/CheckSymbolExists.c.o   -c /home/natalie/Documents/Repos/UniversityClasses/CIS441/Proj2A/Build/VTK-6.3.0/CMakeFiles/CMakeTmp/CheckSymbolExists.c
/home/natalie/Documents/Repos/UniversityClasses/CIS441/Proj2A/Build/VTK-6.3.0/CMakeFiles/CMakeTmp/CheckSymbolExists.c: In function 'main':
/home/natalie/Documents/Repos/UniversityClasses/CIS441/Proj2A/Build/VTK-6.3.0/CMakeFiles/CMakeTmp/CheckSymbolExists.c:42:19: error: 'fp_class' undeclared (first use in this function)
   return ((int*)(&fp_class))[argc];
                   ^
/home/natalie/Documents/Repos/UniversityClasses/CIS441/Proj2A/Build/VTK-6.3.0/CMakeFiles/CMakeTmp/CheckSymbolExists.c:42:19: note: each undeclared identifier is reported only once for each function it appears in
make[1]: *** [CMakeFiles/cmTC_7091e.dir/build.make:66: CMakeFiles/cmTC_7091e.dir/CheckSymbolExists.c.o] Error 1
make[1]: Leaving directory '/home/natalie/Documents/Repos/UniversityClasses/CIS441/Proj2A/Build/VTK-6.3.0/CMakeFiles/CMakeTmp'
make: *** [Makefile:121: cmTC_7091e/fast] Error 2

File /home/natalie/Documents/Repos/UniversityClasses/CIS441/Proj2A/Build/VTK-6.3.0/CMakeFiles/CMakeTmp/CheckSymbolExists.c:
/* */
#include <stdio.h>
#include <stddef.h>
#include <sys/types.h>
#include <inttypes.h>
#include <dlfcn.h>
#include <fcntl.h>
#include <malloc.h>
#include <memory.h>
#include <netdb.h>
#include <limits.h>
#include <sys/socket.h>
#include <netinet/in.h>
#include <sys/select.h>
#include <stdint.h>
#include <stdlib.h>
#include <string.h>
#include <strings.h>
#include <sys/stat.h>
#include <sys/time.h>
#include <time.h>
#include <unistd.h>
#include <signal.h>
#include <errno.h>
#include <ansidecl.h>
#include <arpa/inet.h>
#include <arpa/nameser.h>
#include <ctype.h>
#include <dirent.h>
#include <float.h>
#include <math.h>
#include <pthread.h>
#include <resolv.h>
#include <stdarg.h>
#include <sys/mman.h>
#include <sys/timeb.h>

int main(int argc, char** argv)
{
  (void)argv;
#ifndef fp_class
  return ((int*)(&fp_class))[argc];
#else
  (void)argc;
  return 0;
#endif
}

Determining if the _stat exist failed with the following output:
Change Dir: /home/natalie/Documents/Repos/UniversityClasses/CIS441/Proj2A/Build/VTK-6.3.0/CMakeFiles/CMakeTmp

Run Build Command:"/usr/bin/make" "cmTC_cf9ae/fast"
/usr/bin/make -f CMakeFiles/cmTC_cf9ae.dir/build.make CMakeFiles/cmTC_cf9ae.dir/build
make[1]: Entering directory '/home/natalie/Documents/Repos/UniversityClasses/CIS441/Proj2A/Build/VTK-6.3.0/CMakeFiles/CMakeTmp'
Building C object CMakeFiles/cmTC_cf9ae.dir/CheckSymbolExists.c.o
/usr/bin/gcc-5 -D_GNU_SOURCE  -w -w    -o CMakeFiles/cmTC_cf9ae.dir/CheckSymbolExists.c.o   -c /home/natalie/Documents/Repos/UniversityClasses/CIS441/Proj2A/Build/VTK-6.3.0/CMakeFiles/CMakeTmp/CheckSymbolExists.c
/home/natalie/Documents/Repos/UniversityClasses/CIS441/Proj2A/Build/VTK-6.3.0/CMakeFiles/CMakeTmp/CheckSymbolExists.c: In function 'main':
/home/natalie/Documents/Repos/UniversityClasses/CIS441/Proj2A/Build/VTK-6.3.0/CMakeFiles/CMakeTmp/CheckSymbolExists.c:42:19: error: '_stat' undeclared (first use in this function)
   return ((int*)(&_stat))[argc];
                   ^
/home/natalie/Documents/Repos/UniversityClasses/CIS441/Proj2A/Build/VTK-6.3.0/CMakeFiles/CMakeTmp/CheckSymbolExists.c:42:19: note: each undeclared identifier is reported only once for each function it appears in
make[1]: *** [CMakeFiles/cmTC_cf9ae.dir/build.make:66: CMakeFiles/cmTC_cf9ae.dir/CheckSymbolExists.c.o] Error 1
make[1]: Leaving directory '/home/natalie/Documents/Repos/UniversityClasses/CIS441/Proj2A/Build/VTK-6.3.0/CMakeFiles/CMakeTmp'
make: *** [Makefile:121: cmTC_cf9ae/fast] Error 2

File /home/natalie/Documents/Repos/UniversityClasses/CIS441/Proj2A/Build/VTK-6.3.0/CMakeFiles/CMakeTmp/CheckSymbolExists.c:
/* */
#include <stdio.h>
#include <stddef.h>
#include <sys/types.h>
#include <inttypes.h>
#include <dlfcn.h>
#include <fcntl.h>
#include <malloc.h>
#include <memory.h>
#include <netdb.h>
#include <limits.h>
#include <sys/socket.h>
#include <netinet/in.h>
#include <sys/select.h>
#include <stdint.h>
#include <stdlib.h>
#include <string.h>
#include <strings.h>
#include <sys/stat.h>
#include <sys/time.h>
#include <time.h>
#include <unistd.h>
#include <signal.h>
#include <errno.h>
#include <ansidecl.h>
#include <arpa/inet.h>
#include <arpa/nameser.h>
#include <ctype.h>
#include <dirent.h>
#include <float.h>
#include <math.h>
#include <pthread.h>
#include <resolv.h>
#include <stdarg.h>
#include <sys/mman.h>
#include <sys/timeb.h>

int main(int argc, char** argv)
{
  (void)argv;
#ifndef _stat
  return ((int*)(&_stat))[argc];
#else
  (void)argc;
  return 0;
#endif
}

Checking for DIR in sys/ndir.h failed to compile with the following output:
Change Dir: /home/natalie/Documents/Repos/UniversityClasses/CIS441/Proj2A/Build/VTK-6.3.0/ThirdParty/libxml2/vtklibxml2/CMakeFiles/CMakeTmp

Run Build Command:"/usr/bin/make" "cmTC_501b6/fast"
/usr/bin/make -f CMakeFiles/cmTC_501b6.dir/build.make CMakeFiles/cmTC_501b6.dir/build
make[1]: Entering directory '/home/natalie/Documents/Repos/UniversityClasses/CIS441/Proj2A/Build/VTK-6.3.0/ThirdParty/libxml2/vtklibxml2/CMakeFiles/CMakeTmp'
Building C object CMakeFiles/cmTC_501b6.dir/platformTestsC.c.o
/usr/bin/gcc-5 -DTEST_HAVE_SYS_NDIR_H  -w -w    -o CMakeFiles/cmTC_501b6.dir/platformTestsC.c.o   -c /home/natalie/Documents/Repos/UniversityClasses/CIS441/Proj2A/Build/VTK-6.3.0/ThirdParty/libxml2/vtklibxml2/platformTestsC.c
/home/natalie/Documents/Repos/UniversityClasses/CIS441/Proj2A/Build/VTK-6.3.0/ThirdParty/libxml2/vtklibxml2/platformTestsC.c:82:22: fatal error: sys/ndir.h: No such file or directory
compilation terminated.
make[1]: *** [CMakeFiles/cmTC_501b6.dir/build.make:66: CMakeFiles/cmTC_501b6.dir/platformTestsC.c.o] Error 1
make[1]: Leaving directory '/home/natalie/Documents/Repos/UniversityClasses/CIS441/Proj2A/Build/VTK-6.3.0/ThirdParty/libxml2/vtklibxml2/CMakeFiles/CMakeTmp'
make: *** [Makefile:121: cmTC_501b6/fast] Error 2


